#
# There is insufficient memory for the Java Runtime Environment to continue.
# Native memory allocation (malloc) failed to allocate 1048576 bytes for AllocateHeap
# Possible reasons:
#   The system is out of physical RAM or swap space
#   The process is running with CompressedOops enabled, and the Java Heap may be blocking the growth of the native heap
# Possible solutions:
#   Reduce memory load on the system
#   Increase physical memory or swap space
#   Check if swap backing store is full
#   Decrease Java heap size (-Xmx/-Xms)
#   Decrease number of Java threads
#   Decrease Java thread stack sizes (-Xss)
#   Set larger code cache with -XX:ReservedCodeCacheSize=
#   JVM is running with Unscaled Compressed Oops mode in which the Java heap is
#     placed in the first 4GB address space. The Java Heap base address is the
#     maximum limit for the native heap growth. Please use -XX:HeapBaseMinAddress
#     to set the Java Heap base and to place the Java Heap above 4GB virtual address.
# This output file may be truncated or incomplete.
#
#  Out of Memory Error (./open/src/hotspot/share/memory/allocation.cpp:44), pid=13128, tid=13476
#
# JRE version: Java(TM) SE Runtime Environment (15.0.2+7) (build 15.0.2+7-27)
# Java VM: Java HotSpot(TM) 64-Bit Server VM (15.0.2+7-27, mixed mode, sharing, tiered, compressed oops, g1 gc, windows-amd64)
# No core dump will be written. Minidumps are not enabled by default on client versions of Windows
#

---------------  S U M M A R Y ------------

Command Line: -Dsts.lsp.client=vscode -Dsts.log.file=/dev/null -XX:TieredStopAtLevel=1 -Dspring.config.location=file:c:\Microsoft VS Code\data\extensions\pivotal.vscode-spring-boot-1.33.0\language-server\BOOT-INF\classes\application.properties org.springframework.ide.vscode.boot.app.BootLanguageServerBootApp

Host: Intel(R) Pentium(R) Gold G5400 CPU @ 3.70GHz, 4 cores, 7G,  Windows 10 , 64 bit Build 19041 (10.0.19041.1706)
Time: Wed May 25 14:19:19 2022 Hora est. Pacífico, Sudamérica elapsed time: 7732.594439 seconds (0d 2h 8m 52s)

---------------  T H R E A D  ---------------

Current thread (0x000002442f1e02a0):  VMThread "VM Thread" [stack: 0x0000006348900000,0x0000006348a00000] [id=13476]

Stack: [0x0000006348900000,0x0000006348a00000]
[error occurred during error reporting (printing stack bounds), id 0xc0000005, EXCEPTION_ACCESS_VIOLATION (0xc0000005) at pc=0x0000024418b310bd]

Native frames: (J=compiled Java code, j=interpreted, Vv=VM code, C=native code)
V  [jvm.dll+0x62ae9a]
V  [jvm.dll+0x7817a9]
V  [jvm.dll+0x782f03]
V  [jvm.dll+0x7834c5]
V  [jvm.dll+0x78347b]
V  [jvm.dll+0x62a2b9]
V  [jvm.dll+0x62aa88]
C  [ntdll.dll+0xa209f]
C  [ntdll.dll+0x51454]
C  [ntdll.dll+0xa0bce]
C  0x0000024418b310bd

VM_Operation (0x00000063496fe840): G1CollectFull, mode: safepoint, requested by thread 0x0000024430712fa0


---------------  P R O C E S S  ---------------

Threads class SMR info:
_java_thread_list=0x00000244315f32f0, length=18, elements={
0x000002442f1e9b40, 0x000002442f1ea6f0, 0x000002442f2099a0, 0x000002442f20a360,
0x000002442f20cd30, 0x000002442f20de80, 0x000002442f211fb0, 0x000002442fc2b3a0,
0x000002442fc33d30, 0x0000024430712fa0, 0x00000244312f3030, 0x000002440f0dd0a0,
0x00000244312f43a0, 0x0000024430639fc0, 0x0000024430107070, 0x0000024430107540,
0x0000024430107a10, 0x0000024431604730
}

Java Threads: ( => current thread )
  0x000002442f1e9b40 JavaThread "Reference Handler" daemon [_thread_blocked, id=7784, stack(0x0000006348a00000,0x0000006348b00000)]
  0x000002442f1ea6f0 JavaThread "Finalizer" daemon [_thread_blocked, id=15364, stack(0x0000006348b00000,0x0000006348c00000)]
  0x000002442f2099a0 JavaThread "Signal Dispatcher" daemon [_thread_blocked, id=16264, stack(0x0000006348c00000,0x0000006348d00000)]
  0x000002442f20a360 JavaThread "Attach Listener" daemon [_thread_blocked, id=10908, stack(0x0000006348d00000,0x0000006348e00000)]
  0x000002442f20cd30 JavaThread "Service Thread" daemon [_thread_blocked, id=10716, stack(0x0000006348e00000,0x0000006348f00000)]
  0x000002442f20de80 JavaThread "C1 CompilerThread0" daemon [_thread_blocked, id=15084, stack(0x0000006348f00000,0x0000006349000000)]
  0x000002442f211fb0 JavaThread "Sweeper thread" daemon [_thread_blocked, id=14324, stack(0x0000006349000000,0x0000006349100000)]
  0x000002442fc2b3a0 JavaThread "Notification Thread" daemon [_thread_blocked, id=8484, stack(0x0000006349100000,0x0000006349200000)]
  0x000002442fc33d30 JavaThread "Common-Cleaner" daemon [_thread_blocked, id=4288, stack(0x0000006349300000,0x0000006349400000)]
  0x0000024430712fa0 JavaThread "pool-7-thread-1" [_thread_blocked, id=7572, stack(0x0000006349600000,0x0000006349700000)]
  0x00000244312f3030 JavaThread "LanguageServerApp-lifecycle" [_thread_blocked, id=16200, stack(0x0000006349700000,0x0000006349800000)]
  0x000002440f0dd0a0 JavaThread "DestroyJavaVM" [_thread_blocked, id=732, stack(0x0000006348300000,0x0000006348400000)]
  0x00000244312f43a0 JavaThread "pool-8-thread-1" [_thread_in_native, id=15808, stack(0x0000006349800000,0x0000006349900000)]
  0x0000024430639fc0 JavaThread "Simple-Language-Server main thread" daemon [_thread_blocked, id=8716, stack(0x0000006349a00000,0x0000006349b00000)]
  0x0000024430107070 JavaThread "pool-5-thread-1" [_thread_blocked, id=4624, stack(0x0000006349b00000,0x0000006349c00000)]
  0x0000024430107540 JavaThread "Reconciler-1" [_thread_blocked, id=14232, stack(0x0000006349c00000,0x0000006349d00000)]
  0x0000024430107a10 JavaThread "parallel-1" daemon [_thread_blocked, id=12476, stack(0x0000006349d00000,0x0000006349e00000)]
  0x0000024431604730 JavaThread "pool-3-thread-1" [_thread_blocked, id=4348, stack(0x0000006349e00000,0x0000006349f00000)]

Other Threads:
=>0x000002442f1e02a0 VMThread "VM Thread" [stack: 0x0000006348900000,0x0000006348a00000] [id=13476]
  0x000002442fc33880 WatcherThread [stack: 0x0000006349200000,0x0000006349300000] [id=13524]
  0x000002440f11c850 GCTaskThread "GC Thread#0" [stack: 0x0000006348400000,0x0000006348500000] [id=14792]
  0x0000024430291770 GCTaskThread "GC Thread#1" [stack: 0x0000006349400000,0x0000006349500000] [id=14980]
  0x0000024430292430 GCTaskThread "GC Thread#2" [stack: 0x0000006349500000,0x0000006349600000] [id=13544]
  0x0000024430292100 GCTaskThread "GC Thread#3" [stack: 0x0000006349900000,0x0000006349a00000] [id=13124]
  0x000002440f12d5a0 ConcurrentGCThread "G1 Main Marker" [stack: 0x0000006348500000,0x0000006348600000] [id=11656]
  0x000002440f12e260 ConcurrentGCThread "G1 Conc#0" [stack: 0x0000006348600000,0x0000006348700000] [id=14100]
  0x000002440f1a8750 ConcurrentGCThread "G1 Refine#0" [stack: 0x0000006348700000,0x0000006348800000] [id=7840]
  0x000002440f1a9350 ConcurrentGCThread "G1 Young RemSet Sampling" [stack: 0x0000006348800000,0x0000006348900000] [id=6400]

Threads with active compile tasks:

VM state: at safepoint (normal execution)

VM Mutex/Monitor currently owned by a thread:  ([mutex/lock_event])
[0x000002440f0d9060] Threads_lock - owner thread: 0x000002442f1e02a0
[0x000002440f0d8520] Heap_lock - owner thread: 0x0000024430712fa0

Heap address: 0x0000000082000000, size: 2016 MB, Compressed Oops mode: 32-bit
CDS archive(s) mapped at: [0x0000000800000000-0x0000000800b50000-0x0000000800b50000), size 11862016, SharedBaseAddress: 0x0000000800000000, ArchiveRelocationMode: 0.
Compressed class space mapped at: 0x0000000800b50000-0x0000000840b50000, size: 1073741824
Narrow klass base: 0x0000000800000000, Narrow klass shift: 3, Narrow klass range: 0x100000000

GC Precious Log:
 CPUs: 4 total, 4 available
 Memory: 8057M
 Large Page Support: Disabled
 NUMA Support: Disabled
 Compressed Oops: Enabled (32-bit)
 Heap Region Size: 1M
 Heap Min Capacity: 8M
 Heap Initial Capacity: 126M
 Heap Max Capacity: 2016M
 Pre-touch: Disabled
 Parallel Workers: 4
 Concurrent Workers: 1
 Concurrent Refinement Workers: 4
 Periodic GC: Disabled

Heap:
 garbage-first heap   total 51200K, used 15683K [0x0000000082000000, 0x0000000100000000)
  region size 1024K, 1 young (1024K), 0 survivors (0K)
 Metaspace       used 33480K, capacity 33821K, committed 34224K, reserved 1079296K
  class space    used 4135K, capacity 4243K, committed 4352K, reserved 1048576K

Heap Regions: E=young(eden), S=young(survivor), O=old, HS=humongous(starts), HC=humongous(continues), CS=collection set, F=free, OA=open archive, CA=closed archive, TAMS=top-at-mark-start (previous, next)
|   0|0x0000000082000000, 0x00000000820ffff8, 0x0000000082100000| 99%| O|  |TAMS 0x0000000082000000, 0x0000000082000000| Untracked 
|   1|0x0000000082100000, 0x00000000821ffff0, 0x0000000082200000| 99%| O|  |TAMS 0x0000000082100000, 0x0000000082100000| Untracked 
|   2|0x0000000082200000, 0x00000000822ffff8, 0x0000000082300000| 99%| O|  |TAMS 0x0000000082200000, 0x0000000082200000| Untracked 
|   3|0x0000000082300000, 0x0000000082400000, 0x0000000082400000|100%| O|  |TAMS 0x0000000082300000, 0x0000000082300000| Untracked 
|   4|0x0000000082400000, 0x0000000082500000, 0x0000000082500000|100%| O|  |TAMS 0x0000000082400000, 0x0000000082400000| Untracked 
|   5|0x0000000082500000, 0x00000000825ffff0, 0x0000000082600000| 99%| O|  |TAMS 0x0000000082500000, 0x0000000082500000| Untracked 
|   6|0x0000000082600000, 0x00000000826ffff8, 0x0000000082700000| 99%| O|  |TAMS 0x0000000082600000, 0x0000000082600000| Untracked 
|   7|0x0000000082700000, 0x0000000082800000, 0x0000000082800000|100%| O|  |TAMS 0x0000000082700000, 0x0000000082700000| Untracked 
|   8|0x0000000082800000, 0x00000000828fffc0, 0x0000000082900000| 99%| O|  |TAMS 0x0000000082800000, 0x0000000082800000| Untracked 
|   9|0x0000000082900000, 0x00000000829ffff8, 0x0000000082a00000| 99%| O|  |TAMS 0x0000000082900000, 0x0000000082900000| Untracked 
|  10|0x0000000082a00000, 0x0000000082affff0, 0x0000000082b00000| 99%| O|  |TAMS 0x0000000082a00000, 0x0000000082a00000| Untracked 
|  11|0x0000000082b00000, 0x0000000082bfffe8, 0x0000000082c00000| 99%| O|  |TAMS 0x0000000082b00000, 0x0000000082b00000| Untracked 
|  12|0x0000000082c00000, 0x0000000082d00000, 0x0000000082d00000|100%| O|  |TAMS 0x0000000082c00000, 0x0000000082c00000| Untracked 
|  13|0x0000000082d00000, 0x0000000082dffff8, 0x0000000082e00000| 99%| O|  |TAMS 0x0000000082d00000, 0x0000000082d00000| Untracked 
|  14|0x0000000082e00000, 0x0000000082efffd8, 0x0000000082f00000| 99%| O|  |TAMS 0x0000000082e00000, 0x0000000082e00000| Untracked 
|  15|0x0000000082f00000, 0x0000000082f50d88, 0x0000000083000000| 31%| O|  |TAMS 0x0000000082f00000, 0x0000000082f00000| Untracked 
|  16|0x0000000083000000, 0x0000000083000000, 0x0000000083100000|  0%| F|  |TAMS 0x0000000083000000, 0x0000000083000000| Untracked 
|  17|0x0000000083100000, 0x0000000083100000, 0x0000000083200000|  0%| F|  |TAMS 0x0000000083100000, 0x0000000083100000| Untracked 
|  18|0x0000000083200000, 0x0000000083200000, 0x0000000083300000|  0%| F|  |TAMS 0x0000000083200000, 0x0000000083200000| Untracked 
|  19|0x0000000083300000, 0x0000000083300000, 0x0000000083400000|  0%| F|  |TAMS 0x0000000083300000, 0x0000000083300000| Untracked 
|  20|0x0000000083400000, 0x0000000083400000, 0x0000000083500000|  0%| F|  |TAMS 0x0000000083400000, 0x0000000083400000| Untracked 
|  21|0x0000000083500000, 0x0000000083500000, 0x0000000083600000|  0%| F|  |TAMS 0x0000000083500000, 0x0000000083500000| Untracked 
|  22|0x0000000083600000, 0x0000000083600000, 0x0000000083700000|  0%| F|  |TAMS 0x0000000083600000, 0x0000000083600000| Untracked 
|  23|0x0000000083700000, 0x0000000083700000, 0x0000000083800000|  0%| F|  |TAMS 0x0000000083700000, 0x0000000083700000| Untracked 
|  24|0x0000000083800000, 0x0000000083800000, 0x0000000083900000|  0%| F|  |TAMS 0x0000000083800000, 0x0000000083800000| Untracked 
|  25|0x0000000083900000, 0x0000000083900000, 0x0000000083a00000|  0%| F|  |TAMS 0x0000000083900000, 0x0000000083900000| Untracked 
|  26|0x0000000083a00000, 0x0000000083a00000, 0x0000000083b00000|  0%| F|  |TAMS 0x0000000083a00000, 0x0000000083a00000| Untracked 
|  27|0x0000000083b00000, 0x0000000083b00000, 0x0000000083c00000|  0%| F|  |TAMS 0x0000000083b00000, 0x0000000083b00000| Untracked 
|  28|0x0000000083c00000, 0x0000000083c00000, 0x0000000083d00000|  0%| F|  |TAMS 0x0000000083c00000, 0x0000000083c00000| Untracked 
|  29|0x0000000083d00000, 0x0000000083d00000, 0x0000000083e00000|  0%| F|  |TAMS 0x0000000083d00000, 0x0000000083d00000| Untracked 
|  30|0x0000000083e00000, 0x0000000083e00000, 0x0000000083f00000|  0%| F|  |TAMS 0x0000000083e00000, 0x0000000083e00000| Untracked 
|  31|0x0000000083f00000, 0x0000000083f00000, 0x0000000084000000|  0%| F|  |TAMS 0x0000000083f00000, 0x0000000083f00000| Untracked 
|  32|0x0000000084000000, 0x0000000084000000, 0x0000000084100000|  0%| F|  |TAMS 0x0000000084000000, 0x0000000084000000| Untracked 
|  33|0x0000000084100000, 0x0000000084100000, 0x0000000084200000|  0%| F|  |TAMS 0x0000000084100000, 0x0000000084100000| Untracked 
|  34|0x0000000084200000, 0x0000000084200000, 0x0000000084300000|  0%| F|  |TAMS 0x0000000084200000, 0x0000000084200000| Untracked 
|  35|0x0000000084300000, 0x0000000084300000, 0x0000000084400000|  0%| F|  |TAMS 0x0000000084300000, 0x0000000084300000| Untracked 
|  36|0x0000000084400000, 0x0000000084400000, 0x0000000084500000|  0%| F|  |TAMS 0x0000000084400000, 0x0000000084400000| Untracked 
|  37|0x0000000084500000, 0x0000000084500000, 0x0000000084600000|  0%| F|  |TAMS 0x0000000084500000, 0x0000000084500000| Untracked 
|  38|0x0000000084600000, 0x0000000084600000, 0x0000000084700000|  0%| F|  |TAMS 0x0000000084600000, 0x0000000084600000| Untracked 
|  39|0x0000000084700000, 0x0000000084700000, 0x0000000084800000|  0%| F|  |TAMS 0x0000000084700000, 0x0000000084700000| Untracked 
|  59|0x0000000085b00000, 0x0000000085b00000, 0x0000000085c00000|  0%| F|  |TAMS 0x0000000085b00000, 0x0000000085b00000| Untracked 
|  60|0x0000000085c00000, 0x0000000085c00000, 0x0000000085d00000|  0%| F|  |TAMS 0x0000000085c00000, 0x0000000085c00000| Untracked 
|  61|0x0000000085d00000, 0x0000000085d00000, 0x0000000085e00000|  0%| F|  |TAMS 0x0000000085d00000, 0x0000000085d00000| Untracked 
|  62|0x0000000085e00000, 0x0000000085e00000, 0x0000000085f00000|  0%| F|  |TAMS 0x0000000085e00000, 0x0000000085e00000| Untracked 
|  63|0x0000000085f00000, 0x0000000085f00000, 0x0000000086000000|  0%| F|  |TAMS 0x0000000085f00000, 0x0000000085f00000| Untracked 
|  64|0x0000000086000000, 0x0000000086000000, 0x0000000086100000|  0%| F|  |TAMS 0x0000000086000000, 0x0000000086000000| Untracked 
|  65|0x0000000086100000, 0x0000000086100000, 0x0000000086200000|  0%| F|  |TAMS 0x0000000086100000, 0x0000000086100000| Untracked 
|  66|0x0000000086200000, 0x0000000086200000, 0x0000000086300000|  0%| F|  |TAMS 0x0000000086200000, 0x0000000086200000| Untracked 
|  67|0x0000000086300000, 0x0000000086300000, 0x0000000086400000|  0%| F|  |TAMS 0x0000000086300000, 0x0000000086300000| Untracked 
| 125|0x0000000089d00000, 0x0000000089d054d0, 0x0000000089e00000|  2%| E|  |TAMS 0x0000000089d00000, 0x0000000089d00000| Complete 

Card table byte_map: [0x0000024428540000,0x0000024428930000] _byte_map_base: 0x0000024428130000

Marking Bits (Prev, Next): (CMBitMap*) 0x000002440f11d080, (CMBitMap*) 0x000002440f11d040
 Prev Bits: [0x000002442aca0000, 0x000002442cc20000)
 Next Bits: [0x0000024428d20000, 0x000002442aca0000)

Polling page: 0x000002440ef90000

Metaspace:

Usage:
  Non-class:     28.88 MB capacity,    28.66 MB (>99%) used,   188.91 KB ( <1%) free+waste,    43.94 KB ( <1%) overhead. 
      Class:      4.14 MB capacity,     4.04 MB ( 97%) used,    89.82 KB (  2%) free+waste,    17.44 KB ( <1%) overhead. 
       Both:     33.03 MB capacity,    32.70 MB ( 99%) used,   278.73 KB ( <1%) free+waste,    61.38 KB ( <1%) overhead. 

Virtual space:
  Non-class space:       30.00 MB reserved,      29.17 MB ( 97%) committed 
      Class space:        1.00 GB reserved,       4.25 MB ( <1%) committed 
             Both:        1.03 GB reserved,      33.42 MB (  3%) committed 

Chunk freelists:
   Non-Class:  102.00 KB
       Class:  45.00 KB
        Both:  147.00 KB

MaxMetaspaceSize: 17179869184.00 GB
CompressedClassSpaceSize: 1.00 GB

CodeHeap 'non-profiled nmethods': size=238912Kb used=15072Kb max_used=15072Kb free=223839Kb
 bounds [0x00000244191e0000, 0x000002441a0a0000, 0x0000024427b30000]
CodeHeap 'non-nmethods': size=6848Kb used=1269Kb max_used=1269Kb free=5578Kb
 bounds [0x0000024418b30000, 0x0000024418da0000, 0x00000244191e0000]
 total_blobs=8243 nmethods=7690 adapters=480
 compilation: enabled
              stopped_count=0, restarted_count=0
 full_count=0

Compilation events (20 events):
Event: 7296.620 Thread 0x000002442f20de80 7683       1       org.eclipse.jdt.internal.compiler.codegen.CodeStream::astore_2 (78 bytes)
Event: 7296.621 Thread 0x000002442f20de80 nmethod 7683 0x000002441a093910 code [0x000002441a093b20, 0x000002441a094218]
Event: 7296.623 Thread 0x000002442f20de80 7684       1       org.eclipse.jdt.core.dom.ASTVisitor::endVisit (1 bytes)
Event: 7296.624 Thread 0x000002442f20de80 nmethod 7684 0x000002441a094610 code [0x000002441a0947a0, 0x000002441a094858]
Event: 7325.046 Thread 0x000002442f20de80 7686       1       java.lang.Class::enumConstantDirectory (119 bytes)
Event: 7325.048 Thread 0x000002442f20de80 nmethod 7686 0x000002441a094910 code [0x000002441a094b80, 0x000002441a095248]
Event: 7325.048 Thread 0x000002442f20de80 7685       1       java.lang.Enum::valueOf (73 bytes)
Event: 7325.049 Thread 0x000002442f20de80 nmethod 7685 0x000002441a095610 code [0x000002441a095860, 0x000002441a095dd8]
Event: 7618.957 Thread 0x000002442f20de80 7687       1       java.lang.Runtime::exec (73 bytes)
Event: 7618.974 Thread 0x000002442f20de80 nmethod 7687 0x000002441a096090 code [0x000002441a0962a0, 0x000002441a096898]
Event: 7618.974 Thread 0x000002442f20de80 7688       1       java.lang.ProcessBuilder::<init> (56 bytes)
Event: 7618.975 Thread 0x000002442f20de80 nmethod 7688 0x000002441a096c10 code [0x000002441a096dc0, 0x000002441a096ff8]
Event: 7681.266 Thread 0x000002442f20de80 7689       1       java.io.BufferedInputStream::<init> (32 bytes)
Event: 7681.268 Thread 0x000002442f20de80 nmethod 7689 0x000002441a097110 code [0x000002441a0972c0, 0x000002441a0975a8]
Event: 7691.470 Thread 0x000002442f20de80 7690       1       java.util.Properties::getProperty (16 bytes)
Event: 7691.472 Thread 0x000002442f20de80 nmethod 7690 0x000002441a097690 code [0x000002441a097820, 0x000002441a097908]
Event: 7701.935 Thread 0x000002442f20de80 7691       1       java.io.BufferedInputStream::close (44 bytes)
Event: 7701.971 Thread 0x000002442f20de80 nmethod 7691 0x000002441a097990 code [0x000002441a097b40, 0x000002441a097d48]
Event: 7711.977 Thread 0x000002442f20de80 7692       1       java.io.BufferedInputStream::<init> (9 bytes)
Event: 7711.982 Thread 0x000002442f20de80 nmethod 7692 0x000002441a097e10 code [0x000002441a097fc0, 0x000002441a0982c8]

GC Heap History (20 events):
Event: 7629.865 GC heap before
{Heap before GC invocations=357 (full 205):
 garbage-first heap   total 51200K, used 15683K [0x0000000082000000, 0x0000000100000000)
  region size 1024K, 1 young (1024K), 0 survivors (0K)
 Metaspace       used 33480K, capacity 33821K, committed 34224K, reserved 1079296K
  class space    used 4135K, capacity 4243K, committed 4352K, reserved 1048576K
}
Event: 7629.915 GC heap after
{Heap after GC invocations=358 (full 206):
 garbage-first heap   total 51200K, used 15683K [0x0000000082000000, 0x0000000100000000)
  region size 1024K, 0 young (0K), 0 survivors (0K)
 Metaspace       used 33480K, capacity 33821K, committed 34224K, reserved 1079296K
  class space    used 4135K, capacity 4243K, committed 4352K, reserved 1048576K
}
Event: 7640.168 GC heap before
{Heap before GC invocations=358 (full 206):
 garbage-first heap   total 51200K, used 15683K [0x0000000082000000, 0x0000000100000000)
  region size 1024K, 1 young (1024K), 0 survivors (0K)
 Metaspace       used 33480K, capacity 33821K, committed 34224K, reserved 1079296K
  class space    used 4135K, capacity 4243K, committed 4352K, reserved 1048576K
}
Event: 7640.206 GC heap after
{Heap after GC invocations=359 (full 207):
 garbage-first heap   total 51200K, used 15683K [0x0000000082000000, 0x0000000100000000)
  region size 1024K, 0 young (0K), 0 survivors (0K)
 Metaspace       used 33480K, capacity 33821K, committed 34224K, reserved 1079296K
  class space    used 4135K, capacity 4243K, committed 4352K, reserved 1048576K
}
Event: 7650.489 GC heap before
{Heap before GC invocations=359 (full 207):
 garbage-first heap   total 51200K, used 15683K [0x0000000082000000, 0x0000000100000000)
  region size 1024K, 1 young (1024K), 0 survivors (0K)
 Metaspace       used 33480K, capacity 33821K, committed 34224K, reserved 1079296K
  class space    used 4135K, capacity 4243K, committed 4352K, reserved 1048576K
}
Event: 7650.524 GC heap after
{Heap after GC invocations=360 (full 208):
 garbage-first heap   total 51200K, used 15683K [0x0000000082000000, 0x0000000100000000)
  region size 1024K, 0 young (0K), 0 survivors (0K)
 Metaspace       used 33480K, capacity 33821K, committed 34224K, reserved 1079296K
  class space    used 4135K, capacity 4243K, committed 4352K, reserved 1048576K
}
Event: 7660.778 GC heap before
{Heap before GC invocations=360 (full 208):
 garbage-first heap   total 51200K, used 15683K [0x0000000082000000, 0x0000000100000000)
  region size 1024K, 1 young (1024K), 0 survivors (0K)
 Metaspace       used 33480K, capacity 33821K, committed 34224K, reserved 1079296K
  class space    used 4135K, capacity 4243K, committed 4352K, reserved 1048576K
}
Event: 7660.828 GC heap after
{Heap after GC invocations=361 (full 209):
 garbage-first heap   total 51200K, used 15683K [0x0000000082000000, 0x0000000100000000)
  region size 1024K, 0 young (0K), 0 survivors (0K)
 Metaspace       used 33480K, capacity 33821K, committed 34224K, reserved 1079296K
  class space    used 4135K, capacity 4243K, committed 4352K, reserved 1048576K
}
Event: 7671.220 GC heap before
{Heap before GC invocations=361 (full 209):
 garbage-first heap   total 51200K, used 15683K [0x0000000082000000, 0x0000000100000000)
  region size 1024K, 1 young (1024K), 0 survivors (0K)
 Metaspace       used 33480K, capacity 33821K, committed 34224K, reserved 1079296K
  class space    used 4135K, capacity 4243K, committed 4352K, reserved 1048576K
}
Event: 7671.255 GC heap after
{Heap after GC invocations=362 (full 210):
 garbage-first heap   total 51200K, used 15683K [0x0000000082000000, 0x0000000100000000)
  region size 1024K, 0 young (0K), 0 survivors (0K)
 Metaspace       used 33480K, capacity 33821K, committed 34224K, reserved 1079296K
  class space    used 4135K, capacity 4243K, committed 4352K, reserved 1048576K
}
Event: 7681.419 GC heap before
{Heap before GC invocations=362 (full 210):
 garbage-first heap   total 51200K, used 15683K [0x0000000082000000, 0x0000000100000000)
  region size 1024K, 1 young (1024K), 0 survivors (0K)
 Metaspace       used 33480K, capacity 33821K, committed 34224K, reserved 1079296K
  class space    used 4135K, capacity 4243K, committed 4352K, reserved 1048576K
}
Event: 7681.454 GC heap after
{Heap after GC invocations=363 (full 211):
 garbage-first heap   total 51200K, used 15683K [0x0000000082000000, 0x0000000100000000)
  region size 1024K, 0 young (0K), 0 survivors (0K)
 Metaspace       used 33480K, capacity 33821K, committed 34224K, reserved 1079296K
  class space    used 4135K, capacity 4243K, committed 4352K, reserved 1048576K
}
Event: 7691.642 GC heap before
{Heap before GC invocations=363 (full 211):
 garbage-first heap   total 51200K, used 15683K [0x0000000082000000, 0x0000000100000000)
  region size 1024K, 1 young (1024K), 0 survivors (0K)
 Metaspace       used 33480K, capacity 33821K, committed 34224K, reserved 1079296K
  class space    used 4135K, capacity 4243K, committed 4352K, reserved 1048576K
}
Event: 7691.688 GC heap after
{Heap after GC invocations=364 (full 212):
 garbage-first heap   total 51200K, used 15683K [0x0000000082000000, 0x0000000100000000)
  region size 1024K, 0 young (0K), 0 survivors (0K)
 Metaspace       used 33480K, capacity 33821K, committed 34224K, reserved 1079296K
  class space    used 4135K, capacity 4243K, committed 4352K, reserved 1048576K
}
Event: 7701.935 GC heap before
{Heap before GC invocations=364 (full 212):
 garbage-first heap   total 51200K, used 15683K [0x0000000082000000, 0x0000000100000000)
  region size 1024K, 1 young (1024K), 0 survivors (0K)
 Metaspace       used 33480K, capacity 33821K, committed 34224K, reserved 1079296K
  class space    used 4135K, capacity 4243K, committed 4352K, reserved 1048576K
}
Event: 7701.970 GC heap after
{Heap after GC invocations=365 (full 213):
 garbage-first heap   total 51200K, used 15683K [0x0000000082000000, 0x0000000100000000)
  region size 1024K, 0 young (0K), 0 survivors (0K)
 Metaspace       used 33480K, capacity 33821K, committed 34224K, reserved 1079296K
  class space    used 4135K, capacity 4243K, committed 4352K, reserved 1048576K
}
Event: 7712.129 GC heap before
{Heap before GC invocations=365 (full 213):
 garbage-first heap   total 51200K, used 15683K [0x0000000082000000, 0x0000000100000000)
  region size 1024K, 1 young (1024K), 0 survivors (0K)
 Metaspace       used 33480K, capacity 33821K, committed 34224K, reserved 1079296K
  class space    used 4135K, capacity 4243K, committed 4352K, reserved 1048576K
}
Event: 7712.160 GC heap after
{Heap after GC invocations=366 (full 214):
 garbage-first heap   total 51200K, used 15683K [0x0000000082000000, 0x0000000100000000)
  region size 1024K, 0 young (0K), 0 survivors (0K)
 Metaspace       used 33480K, capacity 33821K, committed 34224K, reserved 1079296K
  class space    used 4135K, capacity 4243K, committed 4352K, reserved 1048576K
}
Event: 7722.488 GC heap before
{Heap before GC invocations=366 (full 214):
 garbage-first heap   total 51200K, used 15683K [0x0000000082000000, 0x0000000100000000)
  region size 1024K, 1 young (1024K), 0 survivors (0K)
 Metaspace       used 33480K, capacity 33821K, committed 34224K, reserved 1079296K
  class space    used 4135K, capacity 4243K, committed 4352K, reserved 1048576K
}
Event: 7722.533 GC heap after
{Heap after GC invocations=367 (full 215):
 garbage-first heap   total 51200K, used 15683K [0x0000000082000000, 0x0000000100000000)
  region size 1024K, 0 young (0K), 0 survivors (0K)
 Metaspace       used 33480K, capacity 33821K, committed 34224K, reserved 1079296K
  class space    used 4135K, capacity 4243K, committed 4352K, reserved 1048576K
}

Deoptimization events (10 events):
Event: 13.589 Thread 0x00000244312f43a0 DEOPT PACKING pc=0x000002441941e0fe sp=0x00000063498fd7b0
Event: 13.589 Thread 0x00000244312f43a0 DEOPT UNPACKING pc=0x0000024418b7df30 sp=0x00000063498fcc40 mode 3
Event: 280.713 Thread 0x00000244312f43a0 DEOPT PACKING pc=0x0000024419547054 sp=0x00000063498feca0
Event: 280.714 Thread 0x00000244312f43a0 DEOPT UNPACKING pc=0x0000024418b7df30 sp=0x00000063498fe148 mode 0
Event: 412.850 Thread 0x0000024430250bf0 DEOPT PACKING pc=0x00000244196e28b4 sp=0x0000006349ffd370
Event: 412.850 Thread 0x0000024430250bf0 DEOPT UNPACKING pc=0x0000024418b7df30 sp=0x0000006349ffc8d8 mode 0
Event: 914.644 Thread 0x0000024430251590 DEOPT PACKING pc=0x0000024419a8cbfc sp=0x00000063481fdaf0
Event: 914.645 Thread 0x0000024430251590 DEOPT UNPACKING pc=0x0000024418b7df30 sp=0x00000063481fcfd8 mode 0
Event: 4678.895 Thread 0x0000024430107540 DEOPT PACKING pc=0x0000024419bab464 sp=0x0000006349cff1b0
Event: 4678.896 Thread 0x0000024430107540 DEOPT UNPACKING pc=0x0000024418b7df30 sp=0x0000006349cfe5d8 mode 0

Classes unloaded (20 events):
Event: 2220.440 Thread 0x000002442f1e02a0 Unloading class 0x0000000800bb6040 'java/lang/invoke/LambdaForm$MH+0x0000000800bb6040'
Event: 2220.440 Thread 0x000002442f1e02a0 Unloading class 0x0000000800bb6840 'java/lang/invoke/LambdaForm$MH+0x0000000800bb6840'
Event: 2220.440 Thread 0x000002442f1e02a0 Unloading class 0x0000000800bb7440 'java/lang/invoke/LambdaForm$MH+0x0000000800bb7440'
Event: 2220.440 Thread 0x000002442f1e02a0 Unloading class 0x0000000800bb7040 'java/lang/invoke/LambdaForm$MH+0x0000000800bb7040'
Event: 2220.440 Thread 0x000002442f1e02a0 Unloading class 0x0000000800bb7840 'java/lang/invoke/LambdaForm$MH+0x0000000800bb7840'
Event: 2771.528 Thread 0x000002442f1e02a0 Unloading class 0x0000000800f60440 'java/lang/invoke/LambdaForm$MH+0x0000000800f60440'
Event: 2771.528 Thread 0x000002442f1e02a0 Unloading class 0x0000000800f60040 'java/lang/invoke/LambdaForm$MH+0x0000000800f60040'
Event: 2771.528 Thread 0x000002442f1e02a0 Unloading class 0x0000000800ea1c40 'java/lang/invoke/LambdaForm$MH+0x0000000800ea1c40'
Event: 2771.528 Thread 0x000002442f1e02a0 Unloading class 0x0000000800d53440 'java/lang/invoke/LambdaForm$MH+0x0000000800d53440'
Event: 2771.529 Thread 0x000002442f1e02a0 Unloading class 0x0000000800d57040 'java/lang/invoke/LambdaForm$MH+0x0000000800d57040'
Event: 2771.529 Thread 0x000002442f1e02a0 Unloading class 0x0000000800d57c40 'java/lang/invoke/LambdaForm$MH+0x0000000800d57c40'
Event: 2771.529 Thread 0x000002442f1e02a0 Unloading class 0x0000000800d57840 'java/lang/invoke/LambdaForm$MH+0x0000000800d57840'
Event: 3073.937 Thread 0x000002442f1e02a0 Unloading class 0x0000000800ea3c40 'java/lang/invoke/LambdaForm$MH+0x0000000800ea3c40'
Event: 3073.937 Thread 0x000002442f1e02a0 Unloading class 0x0000000800ea3840 'java/lang/invoke/LambdaForm$MH+0x0000000800ea3840'
Event: 3073.937 Thread 0x000002442f1e02a0 Unloading class 0x0000000800ea4440 'java/lang/invoke/LambdaForm$MH+0x0000000800ea4440'
Event: 3073.937 Thread 0x000002442f1e02a0 Unloading class 0x0000000800ea4040 'java/lang/invoke/LambdaForm$MH+0x0000000800ea4040'
Event: 3073.937 Thread 0x000002442f1e02a0 Unloading class 0x0000000800ea4c40 'java/lang/invoke/LambdaForm$MH+0x0000000800ea4c40'
Event: 3073.937 Thread 0x000002442f1e02a0 Unloading class 0x0000000800ea4840 'java/lang/invoke/LambdaForm$MH+0x0000000800ea4840'
Event: 3073.937 Thread 0x000002442f1e02a0 Unloading class 0x0000000800d51440 'java/lang/invoke/LambdaForm$MH+0x0000000800d51440'
Event: 4251.598 Thread 0x000002442f1e02a0 Unloading class 0x0000000800c64440 'jdk/internal/reflect/GeneratedConstructorAccessor2'

Classes redefined (0 events):
No events

Internal exceptions (20 events):
Event: 7333.226 Thread 0x000002442ffaca80 Exception <a 'java/lang/ArrayIndexOutOfBoundsException'{0x0000000085dd5dd8}> (0x0000000085dd5dd8) 
thrown [./open/src/hotspot/share/runtime/sharedRuntime.cpp, line 585]
Event: 7333.230 Thread 0x000002442ffaca80 Exception <a 'java/lang/ArrayIndexOutOfBoundsException'{0x0000000085c9f5a8}> (0x0000000085c9f5a8) 
thrown [./open/src/hotspot/share/runtime/sharedRuntime.cpp, line 585]
Event: 7333.230 Thread 0x000002442ffaca80 Exception <a 'java/lang/ArrayIndexOutOfBoundsException'{0x0000000085cb4a50}> (0x0000000085cb4a50) 
thrown [./open/src/hotspot/share/runtime/sharedRuntime.cpp, line 585]
Event: 7333.231 Thread 0x000002442ffaca80 Exception <a 'java/lang/ArrayIndexOutOfBoundsException'{0x0000000085ce4db0}> (0x0000000085ce4db0) 
thrown [./open/src/hotspot/share/runtime/sharedRuntime.cpp, line 585]
Event: 7336.393 Thread 0x000002442ffaca80 Exception <a 'java/lang/ArrayIndexOutOfBoundsException'{0x0000000084652f68}> (0x0000000084652f68) 
thrown [./open/src/hotspot/share/runtime/sharedRuntime.cpp, line 585]
Event: 7336.397 Thread 0x000002442ffaca80 Exception <a 'java/lang/ArrayIndexOutOfBoundsException'{0x000000008451af98}> (0x000000008451af98) 
thrown [./open/src/hotspot/share/runtime/sharedRuntime.cpp, line 585]
Event: 7336.397 Thread 0x000002442ffaca80 Exception <a 'java/lang/ArrayIndexOutOfBoundsException'{0x0000000084530440}> (0x0000000084530440) 
thrown [./open/src/hotspot/share/runtime/sharedRuntime.cpp, line 585]
Event: 7336.398 Thread 0x000002442ffaca80 Exception <a 'java/lang/ArrayIndexOutOfBoundsException'{0x0000000084560880}> (0x0000000084560880) 
thrown [./open/src/hotspot/share/runtime/sharedRuntime.cpp, line 585]
Event: 7337.788 Thread 0x000002442ffaca80 Exception <a 'java/lang/ArrayIndexOutOfBoundsException'{0x0000000084168ab8}> (0x0000000084168ab8) 
thrown [./open/src/hotspot/share/runtime/sharedRuntime.cpp, line 585]
Event: 7337.794 Thread 0x000002442ffaca80 Exception <a 'java/lang/ArrayIndexOutOfBoundsException'{0x0000000084031660}> (0x0000000084031660) 
thrown [./open/src/hotspot/share/runtime/sharedRuntime.cpp, line 585]
Event: 7337.795 Thread 0x000002442ffaca80 Exception <a 'java/lang/ArrayIndexOutOfBoundsException'{0x0000000084046d50}> (0x0000000084046d50) 
thrown [./open/src/hotspot/share/runtime/sharedRuntime.cpp, line 585]
Event: 7337.797 Thread 0x000002442ffaca80 Exception <a 'java/lang/ArrayIndexOutOfBoundsException'{0x00000000840770c8}> (0x00000000840770c8) 
thrown [./open/src/hotspot/share/runtime/sharedRuntime.cpp, line 585]
Event: 7338.544 Thread 0x000002442ffaca80 Exception <a 'java/lang/ArrayIndexOutOfBoundsException'{0x0000000083eff280}> (0x0000000083eff280) 
thrown [./open/src/hotspot/share/runtime/sharedRuntime.cpp, line 585]
Event: 7338.547 Thread 0x000002442ffaca80 Exception <a 'java/lang/ArrayIndexOutOfBoundsException'{0x0000000083dc7910}> (0x0000000083dc7910) 
thrown [./open/src/hotspot/share/runtime/sharedRuntime.cpp, line 585]
Event: 7338.547 Thread 0x000002442ffaca80 Exception <a 'java/lang/ArrayIndexOutOfBoundsException'{0x0000000083ddd030}> (0x0000000083ddd030) 
thrown [./open/src/hotspot/share/runtime/sharedRuntime.cpp, line 585]
Event: 7338.549 Thread 0x000002442ffaca80 Exception <a 'java/lang/ArrayIndexOutOfBoundsException'{0x0000000083c0d5e8}> (0x0000000083c0d5e8) 
thrown [./open/src/hotspot/share/runtime/sharedRuntime.cpp, line 585]
Event: 7339.016 Thread 0x000002442ffaca80 Exception <a 'java/lang/ArrayIndexOutOfBoundsException'{0x0000000083a3a420}> (0x0000000083a3a420) 
thrown [./open/src/hotspot/share/runtime/sharedRuntime.cpp, line 585]
Event: 7339.019 Thread 0x000002442ffaca80 Exception <a 'java/lang/ArrayIndexOutOfBoundsException'{0x0000000083904ca8}> (0x0000000083904ca8) 
thrown [./open/src/hotspot/share/runtime/sharedRuntime.cpp, line 585]
Event: 7339.019 Thread 0x000002442ffaca80 Exception <a 'java/lang/ArrayIndexOutOfBoundsException'{0x000000008391a170}> (0x000000008391a170) 
thrown [./open/src/hotspot/share/runtime/sharedRuntime.cpp, line 585]
Event: 7339.021 Thread 0x000002442ffaca80 Exception <a 'java/lang/ArrayIndexOutOfBoundsException'{0x000000008394a4d0}> (0x000000008394a4d0) 
thrown [./open/src/hotspot/share/runtime/sharedRuntime.cpp, line 585]

Events (20 events):
Event: 7629.915 Executing VM operation: G1CollectFull done
Event: 7640.168 Executing VM operation: G1CollectFull
Event: 7640.206 Executing VM operation: G1CollectFull done
Event: 7650.489 Executing VM operation: G1CollectFull
Event: 7650.525 Executing VM operation: G1CollectFull done
Event: 7660.778 Executing VM operation: G1CollectFull
Event: 7660.828 Executing VM operation: G1CollectFull done
Event: 7671.219 Executing VM operation: G1CollectFull
Event: 7671.255 Executing VM operation: G1CollectFull done
Event: 7681.419 Executing VM operation: G1CollectFull
Event: 7681.454 Executing VM operation: G1CollectFull done
Event: 7691.642 Executing VM operation: G1CollectFull
Event: 7691.689 Executing VM operation: G1CollectFull done
Event: 7701.934 Executing VM operation: G1CollectFull
Event: 7701.970 Executing VM operation: G1CollectFull done
Event: 7712.128 Executing VM operation: G1CollectFull
Event: 7712.160 Executing VM operation: G1CollectFull done
Event: 7722.488 Executing VM operation: G1CollectFull
Event: 7722.534 Executing VM operation: G1CollectFull done
Event: 7732.589 Executing VM operation: G1CollectFull


Dynamic libraries:
0x00007ff64e340000 - 0x00007ff64e34f000 	C:\Program Files\Java\jdk-15.0.2\bin\java.exe
0x00007ff8c0550000 - 0x00007ff8c0745000 	C:\Windows\SYSTEM32\ntdll.dll
0x00007ff88aa20000 - 0x00007ff88aa36000 	C:\Program Files\Avast Software\Avast\aswhook.dll
0x00007ff8bee30000 - 0x00007ff8beeed000 	C:\Windows\System32\KERNEL32.DLL
0x00007ff8bdfc0000 - 0x00007ff8be28d000 	C:\Windows\System32\KERNELBASE.dll
0x00007ff8bdc60000 - 0x00007ff8bdd60000 	C:\Windows\System32\ucrtbase.dll
0x00007ff88b770000 - 0x00007ff88b788000 	C:\Program Files\Java\jdk-15.0.2\bin\jli.dll
0x00007ff8bed50000 - 0x00007ff8bedfe000 	C:\Windows\System32\ADVAPI32.dll
0x00007ff8be5a0000 - 0x00007ff8be63e000 	C:\Windows\System32\msvcrt.dll
0x00007ff8bfaa0000 - 0x00007ff8bfb3c000 	C:\Windows\System32\sechost.dll
0x00007ff8beb50000 - 0x00007ff8bec75000 	C:\Windows\System32\RPCRT4.dll
0x00007ff8bffb0000 - 0x00007ff8c0150000 	C:\Windows\System32\USER32.dll
0x00007ff8be570000 - 0x00007ff8be592000 	C:\Windows\System32\win32u.dll
0x00007ff8bfd20000 - 0x00007ff8bfd4a000 	C:\Windows\System32\GDI32.dll
0x00007ff8be430000 - 0x00007ff8be53b000 	C:\Windows\System32\gdi32full.dll
0x00007ff8be300000 - 0x00007ff8be39d000 	C:\Windows\System32\msvcp_win.dll
0x00007ff888c30000 - 0x00007ff888c49000 	C:\Program Files\Java\jdk-15.0.2\bin\VCRUNTIME140.dll
0x00007ff89d430000 - 0x00007ff89d6ca000 	C:\Windows\WinSxS\amd64_microsoft.windows.common-controls_6595b64144ccf1df_6.0.19041.1110_none_60b5254171f9507e\COMCTL32.dll
0x00007ff8b8260000 - 0x00007ff8b826a000 	C:\Windows\SYSTEM32\VERSION.dll
0x00007ff8bee00000 - 0x00007ff8bee30000 	C:\Windows\System32\IMM32.DLL
0x00007ff8a60a0000 - 0x00007ff8a60ac000 	C:\Program Files\Java\jdk-15.0.2\bin\vcruntime140_1.dll
0x00007ff84e8c0000 - 0x00007ff84e951000 	C:\Program Files\Java\jdk-15.0.2\bin\msvcp140.dll
0x00007ff84a020000 - 0x00007ff84ab7e000 	C:\Program Files\Java\jdk-15.0.2\bin\server\jvm.dll
0x00007ff8bef10000 - 0x00007ff8bef18000 	C:\Windows\System32\PSAPI.DLL
0x00007ff89c6a0000 - 0x00007ff89c6c7000 	C:\Windows\SYSTEM32\WINMM.dll
0x00007ff8acab0000 - 0x00007ff8acab9000 	C:\Windows\SYSTEM32\WSOCK32.dll
0x00007ff8bec80000 - 0x00007ff8beceb000 	C:\Windows\System32\WS2_32.dll
0x00007ff8bbb80000 - 0x00007ff8bbb92000 	C:\Windows\SYSTEM32\kernel.appcore.dll
0x00007ff8a57f0000 - 0x00007ff8a57fa000 	C:\Program Files\Java\jdk-15.0.2\bin\jimage.dll
0x00007ff8b6a60000 - 0x00007ff8b6c44000 	C:\Windows\SYSTEM32\DBGHELP.DLL
0x00007ff8b6d90000 - 0x00007ff8b6dbc000 	C:\Windows\SYSTEM32\dbgcore.DLL
0x00007ff8be3a0000 - 0x00007ff8be422000 	C:\Windows\System32\bcryptPrimitives.dll
0x00007ff8883e0000 - 0x00007ff888405000 	C:\Program Files\Java\jdk-15.0.2\bin\java.dll
0x00007ff8bf1a0000 - 0x00007ff8bf8e4000 	C:\Windows\System32\SHELL32.dll
0x00007ff8bbd80000 - 0x00007ff8bc514000 	C:\Windows\SYSTEM32\windows.storage.dll
0x00007ff8c01b0000 - 0x00007ff8c0504000 	C:\Windows\System32\combase.dll
0x00007ff8bd5f0000 - 0x00007ff8bd61c000 	C:\Windows\SYSTEM32\Wldp.dll
0x00007ff8bfc10000 - 0x00007ff8bfcbd000 	C:\Windows\System32\SHCORE.dll
0x00007ff8c0150000 - 0x00007ff8c01a5000 	C:\Windows\System32\shlwapi.dll
0x00007ff8bdba0000 - 0x00007ff8bdbbf000 	C:\Windows\SYSTEM32\profapi.dll
0x00007ff8883c0000 - 0x00007ff8883d9000 	C:\Program Files\Java\jdk-15.0.2\bin\net.dll
0x00007ff8ae5c0000 - 0x00007ff8ae6ca000 	C:\Windows\SYSTEM32\WINHTTP.dll
0x00007ff8bd350000 - 0x00007ff8bd3ba000 	C:\Windows\system32\mswsock.dll
0x00007ff887c00000 - 0x00007ff887c12000 	C:\Program Files\Java\jdk-15.0.2\bin\nio.dll
0x00007ff87f0b0000 - 0x00007ff87f0c8000 	C:\Program Files\Java\jdk-15.0.2\bin\zip.dll
0x00007ff8a4b30000 - 0x00007ff8a4b40000 	C:\Program Files\Java\jdk-15.0.2\bin\verify.dll
0x00007ff8a4ac0000 - 0x00007ff8a4ac9000 	C:\Program Files\Java\jdk-15.0.2\bin\management.dll
0x00007ff8a4a50000 - 0x00007ff8a4a5b000 	C:\Program Files\Java\jdk-15.0.2\bin\management_ext.dll
0x00007ff8a5690000 - 0x00007ff8a56a7000 	C:\Windows\system32\napinsp.dll
0x00007ff8a5670000 - 0x00007ff8a568b000 	C:\Windows\system32\pnrpnsp.dll
0x00007ff8a5650000 - 0x00007ff8a5665000 	C:\Windows\system32\wshbth.dll
0x00007ff8b97a0000 - 0x00007ff8b97bd000 	C:\Windows\system32\NLAapi.dll
0x00007ff8bd040000 - 0x00007ff8bd07b000 	C:\Windows\SYSTEM32\IPHLPAPI.DLL
0x00007ff8bd080000 - 0x00007ff8bd14b000 	C:\Windows\SYSTEM32\DNSAPI.dll
0x00007ff8bfb50000 - 0x00007ff8bfb58000 	C:\Windows\System32\NSI.dll
0x00007ff8a5520000 - 0x00007ff8a5532000 	C:\Windows\System32\winrnr.dll
0x00007ff8ad770000 - 0x00007ff8ad77a000 	C:\Windows\System32\rasadhlp.dll
0x00007ff8aec60000 - 0x00007ff8aece0000 	C:\Windows\System32\fwpuclnt.dll
0x00007ff8be540000 - 0x00007ff8be567000 	C:\Windows\System32\bcrypt.dll
0x00007ff8bd540000 - 0x00007ff8bd558000 	C:\Windows\SYSTEM32\CRYPTSP.dll
0x00007ff8bccd0000 - 0x00007ff8bcd04000 	C:\Windows\system32\rsaenh.dll
0x00007ff8bdb60000 - 0x00007ff8bdb8e000 	C:\Windows\SYSTEM32\USERENV.dll
0x00007ff8bd560000 - 0x00007ff8bd56c000 	C:\Windows\SYSTEM32\CRYPTBASE.dll
0x00007ff8b7e00000 - 0x00007ff8b7e17000 	C:\Windows\SYSTEM32\dhcpcsvc6.DLL
0x00007ff8b7de0000 - 0x00007ff8b7dfd000 	C:\Windows\SYSTEM32\dhcpcsvc.DLL

dbghelp: loaded successfully - version: 4.0.5 - missing functions: none
symbol engine: initialized successfully - sym options: 0x614 - pdb path: .;C:\Program Files\Java\jdk-15.0.2\bin;C:\Windows\SYSTEM32;C:\Program Files\Avast Software\Avast;C:\Windows\WinSxS\amd64_microsoft.windows.common-controls_6595b64144ccf1df_6.0.19041.1110_none_60b5254171f9507e;C:\Program Files\Java\jdk-15.0.2\bin\server

VM Arguments:
jvm_args: -Dsts.lsp.client=vscode -Dsts.log.file=/dev/null -XX:TieredStopAtLevel=1 -Dspring.config.location=file:c:\Microsoft VS Code\data\extensions\pivotal.vscode-spring-boot-1.33.0\language-server\BOOT-INF\classes\application.properties 
java_command: org.springframework.ide.vscode.boot.app.BootLanguageServerBootApp
java_class_path (initial): c:\Microsoft VS Code\data\extensions\pivotal.vscode-spring-boot-1.33.0\language-server\BOOT-INF\classes;c:\Microsoft VS Code\data\extensions\pivotal.vscode-spring-boot-1.33.0\language-server\BOOT-INF\lib\antlr4-runtime-4.5.3.jar;c:\Microsoft VS Code\data\extensions\pivotal.vscode-spring-boot-1.33.0\language-server\BOOT-INF\lib\byte-buddy-1.10.18.jar;c:\Microsoft VS Code\data\extensions\pivotal.vscode-spring-boot-1.33.0\language-server\BOOT-INF\lib\commons-codec-1.14.jar;c:\Microsoft VS Code\data\extensions\pivotal.vscode-spring-boot-1.33.0\language-server\BOOT-INF\lib\commons-io-2.4.jar;c:\Microsoft VS Code\data\extensions\pivotal.vscode-spring-boot-1.33.0\language-server\BOOT-INF\lib\commons-java-1.33.0-SNAPSHOT.jar;c:\Microsoft VS Code\data\extensions\pivotal.vscode-spring-boot-1.33.0\language-server\BOOT-INF\lib\commons-lang3-3.10.jar;c:\Microsoft VS Code\data\extensions\pivotal.vscode-spring-boot-1.33.0\language-server\BOOT-INF\lib\commons-language-server-1.33.0-SNAPSHOT.jar;c:\Microsoft VS Code\data\extensions\pivotal.vscode-spring-boot-1.33.0\language-server\BOOT-INF\lib\commons-lsp-extensions-1.33.0-SNAPSHOT.jar;c:\Microsoft VS Code\data\extensions\pivotal.vscode-spring-boot-1.33.0\language-server\BOOT-INF\lib\commons-util-1.33.0-SNAPSHOT.jar;c:\Microsoft VS Code\data\extensions\pivotal.vscode-spring-boot-1.33.0\language-server\BOOT-INF\lib\commons-yaml-1.33.0-SNAPSHOT.jar;c:\Microsoft VS Code\data\extensions\pivotal.vscode-spring-boot-1.33.0\language-server\BOOT-INF\lib\gson-2.8.6.jar;c:\Microsoft VS Code\data\extensions\pivotal.vscode-spring-boot-1.33.0\language-server\BOOT-INF\lib\guava-19.0.jar;c:\Microsoft VS Code\data\extensions\pivotal.vscode-spring-boot-1.33.0\language-server\BOOT-INF\lib\jakarta.annotation-api-1.3.5.jar;c:\Microsoft VS Code\data\extensions\pivotal.vscode-spring-boot-1.33.0\language-server\BOOT-INF\lib\jandex-2.0.5.Final.jar;c:\Microsoft VS Code\data\extensions\pivotal.vscode-spring-boot-1.33.0\language-se
Launcher Type: SUN_STANDARD

[Global flags]
     intx CICompilerCount                          = 3                                         {product} {ergonomic}
     uint ConcGCThreads                            = 1                                         {product} {ergonomic}
     uint G1ConcRefinementThreads                  = 4                                         {product} {ergonomic}
   size_t G1HeapRegionSize                         = 1048576                                   {product} {ergonomic}
    uintx GCDrainStackTargetSize                   = 64                                        {product} {ergonomic}
   size_t InitialHeapSize                          = 132120576                                 {product} {ergonomic}
   size_t MarkStackSize                            = 4194304                                   {product} {ergonomic}
   size_t MaxHeapSize                              = 2113929216                                {product} {ergonomic}
   size_t MaxNewSize                               = 1267728384                                {product} {ergonomic}
   size_t MinHeapDeltaBytes                        = 1048576                                   {product} {ergonomic}
   size_t MinHeapSize                              = 8388608                                   {product} {ergonomic}
    uintx NonNMethodCodeHeapSize                   = 6973028                                {pd product} {ergonomic}
    uintx NonProfiledCodeHeapSize                  = 244685212                              {pd product} {ergonomic}
    uintx ProfiledCodeHeapSize                     = 0                                      {pd product} {ergonomic}
    uintx ReservedCodeCacheSize                    = 251658240                              {pd product} {ergonomic}
     bool SegmentedCodeCache                       = true                                      {product} {ergonomic}
   size_t SoftMaxHeapSize                          = 2113929216                             {manageable} {ergonomic}
     intx TieredStopAtLevel                        = 1                                         {product} {command line}
     bool UseCompressedClassPointers               = true                                 {lp64_product} {ergonomic}
     bool UseCompressedOops                        = true                                 {lp64_product} {ergonomic}
     bool UseG1GC                                  = true                                      {product} {ergonomic}
     bool UseLargePagesIndividualAllocation        = false                                  {pd product} {ergonomic}

Logging:
Log output configuration:
 #0: stdout all=warning uptime,level,tags
 #1: stderr all=off uptime,level,tags

Environment Variables:
PATH=C:\Program Files\Common Files\Oracle\Java\javapath;C:\Program Files\Eclipse Adoptium\jdk-17.0.2.8-hotspot\bin;C:\Program Files (x86)\Common Files\Oracle\Java\javapath;C:\Windows\system32;C:\Windows;C:\Windows\System32\Wbem;C:\Windows\System32\WindowsPowerShell\v1.0\;C:\Windows\System32\OpenSSH\;C:\Program Files\Git\cmd;C:\Program Files\Microsoft VS Code\bin;C:\Program Files\nodejs\;C:\Program Files\Java\jdk-15.0.2\bin;C:\Program Files\dotnet\;C:\wamp64\bin\php\php8.1.0;C:\Program Files\MySQL\MySQL Shell 8.0\bin\;C:\Users\Joimar\AppData\Local\Microsoft\WindowsApps;C:\Users\Joimar\spicetify-cli;C:\Users\Joimar\AppData\Local\Programs\Microsoft VS Code\bin;C:\Users\Joimar\AppData\Roaming\npm;C:\Program Files\Java\jdk-15.0.2\bin;C:\wamp64\bin\php\php8.1.0;
USERNAME=Joimar
OS=Windows_NT
PROCESSOR_IDENTIFIER=Intel64 Family 6 Model 158 Stepping 10, GenuineIntel



---------------  S Y S T E M  ---------------

OS:
 Windows 10 , 64 bit Build 19041 (10.0.19041.1706)
OS uptime: 2 days 19:54 hours

CPU: total 4 (initial active 4) (2 cores per cpu, 2 threads per core) family 6 model 158 stepping 10 microcode 0xb4, cmov, cx8, fxsr, mmx, sse, sse2, sse3, ssse3, sse4.1, sse4.2, popcnt, aes, clmul, erms, 3dnowpref, lzcnt, ht, tsc, tscinvbit, clflush, clflushopt

Memory: 4k page, system-wide physical 8057M (2082M free)
TotalPageFile size 16249M (AvailPageFile size 5M)
current process WorkingSet (physical memory assigned to process): 49M, peak: 123M
current process commit charge ("private bytes"): 188M, peak: 233M

vm_info: Java HotSpot(TM) 64-Bit Server VM (15.0.2+7-27) for windows-amd64 JRE (15.0.2+7-27), built on Dec  7 2020 20:07:01 by "mach5one" with unknown MS VC++:1925

END.
