#
# There is insufficient memory for the Java Runtime Environment to continue.
# Native memory allocation (mmap) failed to map 132120576 bytes for G1 virtual space
# Possible reasons:
#   The system is out of physical RAM or swap space
#   The process is running with CompressedOops enabled, and the Java Heap may be blocking the growth of the native heap
# Possible solutions:
#   Reduce memory load on the system
#   Increase physical memory or swap space
#   Check if swap backing store is full
#   Decrease Java heap size (-Xmx/-Xms)
#   Decrease number of Java threads
#   Decrease Java thread stack sizes (-Xss)
#   Set larger code cache with -XX:ReservedCodeCacheSize=
#   JVM is running with Unscaled Compressed Oops mode in which the Java heap is
#     placed in the first 4GB address space. The Java Heap base address is the
#     maximum limit for the native heap growth. Please use -XX:HeapBaseMinAddress
#     to set the Java Heap base and to place the Java Heap above 4GB virtual address.
# This output file may be truncated or incomplete.
#
#  Out of Memory Error (os_windows.cpp:3532), pid=10384, tid=10788
#
# JRE version:  (17.0.2+8) (build )
# Java VM: OpenJDK 64-Bit Server VM (17.0.2+8, mixed mode, sharing, tiered, compressed oops, compressed class ptrs, g1 gc, windows-amd64)
# No core dump will be written. Minidumps are not enabled by default on client versions of Windows
#

---------------  S U M M A R Y ------------

Command Line: -XX:+ShowCodeDetailsInExceptionMessages Array_estudiantes.Array_estudiantes

Host: Intel(R) Pentium(R) Gold G5400 CPU @ 3.70GHz, 4 cores, 7G,  Windows 10 , 64 bit Build 19041 (10.0.19041.1706)
Time: Wed May 25 13:06:13 2022 Hora est. Pacífico, Sudamérica elapsed time: 0.044039 seconds (0d 0h 0m 0s)

---------------  T H R E A D  ---------------

Current thread (0x000002a4655e4fe0):  JavaThread "Unknown thread" [_thread_in_vm, id=10788, stack(0x000000e048800000,0x000000e048900000)]

Stack: [0x000000e048800000,0x000000e048900000]
Native frames: (J=compiled Java code, j=interpreted, Vv=VM code, C=native code)
V  [jvm.dll+0x67564a]
V  [jvm.dll+0x82fc04]
V  [jvm.dll+0x8313ae]
V  [jvm.dll+0x831a13]
V  [jvm.dll+0x245235]
V  [jvm.dll+0x672539]
V  [jvm.dll+0x666e82]
V  [jvm.dll+0x30401b]
V  [jvm.dll+0x30b566]
V  [jvm.dll+0x35b1fe]
V  [jvm.dll+0x35b42f]
V  [jvm.dll+0x2daf58]
V  [jvm.dll+0x2dbec4]
V  [jvm.dll+0x801881]
V  [jvm.dll+0x368f81]
V  [jvm.dll+0x7e0cdc]
V  [jvm.dll+0x3eb8bf]
V  [jvm.dll+0x3ed441]
C  [jli.dll+0x5277]
C  [ucrtbase.dll+0x21bb2]
C  [KERNEL32.DLL+0x17034]
C  [ntdll.dll+0x52651]


---------------  P R O C E S S  ---------------

Threads class SMR info:
_java_thread_list=0x00007ff84c815e98, length=0, elements={
}

Java Threads: ( => current thread )

Other Threads:
  0x000002a465624be0 GCTaskThread "GC Thread#0" [stack: 0x000000e048900000,0x000000e048a00000] [id=12828]
  0x000002a465637720 ConcurrentGCThread "G1 Main Marker" [stack: 0x000000e048a00000,0x000000e048b00000] [id=13184]
  0x000002a4656388b0 ConcurrentGCThread "G1 Conc#0" [stack: 0x000000e048b00000,0x000000e048c00000] [id=12376]

[error occurred during error reporting (printing all threads), id 0xc0000005, EXCEPTION_ACCESS_VIOLATION (0xc0000005) at pc=0x00007ff84bfeb9d7]

VM state: not at safepoint (not fully initialized)

VM Mutex/Monitor currently owned by a thread:  ([mutex/lock_event])
[0x000002a4655def50] Heap_lock - owner thread: 0x000002a4655e4fe0

Heap address: 0x0000000082000000, size: 2016 MB, Compressed Oops mode: 32-bit

CDS archive(s) mapped at: [0x0000000000000000-0x0000000000000000-0x0000000000000000), size 0, SharedBaseAddress: 0x0000000800000000, ArchiveRelocationMode: 0.
Narrow klass base: 0x0000000000000000, Narrow klass shift: 0, Narrow klass range: 0x0

GC Precious Log:
<Empty>

Heap:
 garbage-first heap   total 0K, used 0K [0x0000000082000000, 0x0000000100000000)
  region size 1024K, 0 young (0K), 0 survivors (0K)

[error occurred during error reporting (printing heap information), id 0xc0000005, EXCEPTION_ACCESS_VIOLATION (0xc0000005) at pc=0x00007ff84c3ce899]

GC Heap History (0 events):
No events

Deoptimization events (0 events):
No events

Classes unloaded (0 events):
No events

Classes redefined (0 events):
No events

Internal exceptions (0 events):
No events

VM Operations (0 events):
No events

Events (1 events):
Event: 0.015 Loaded shared library C:\Program Files\Eclipse Adoptium\jdk-17.0.2.8-hotspot\bin\java.dll


Dynamic libraries:
0x00007ff6c8f90000 - 0x00007ff6c8f9e000 	C:\Program Files\Eclipse Adoptium\jdk-17.0.2.8-hotspot\bin\java.exe
0x00007ff8c0550000 - 0x00007ff8c0745000 	C:\Windows\SYSTEM32\ntdll.dll
0x00007ff88aa20000 - 0x00007ff88aa36000 	C:\Program Files\Avast Software\Avast\aswhook.dll
0x00007ff8bee30000 - 0x00007ff8beeed000 	C:\Windows\System32\KERNEL32.DLL
0x00007ff8bdfc0000 - 0x00007ff8be28d000 	C:\Windows\System32\KERNELBASE.dll
0x00007ff8bdc60000 - 0x00007ff8bdd60000 	C:\Windows\System32\ucrtbase.dll
0x00007ff8a4a60000 - 0x00007ff8a4a78000 	C:\Program Files\Eclipse Adoptium\jdk-17.0.2.8-hotspot\bin\jli.dll
0x00007ff8bffb0000 - 0x00007ff8c0150000 	C:\Windows\System32\USER32.dll
0x00007ff8be570000 - 0x00007ff8be592000 	C:\Windows\System32\win32u.dll
0x00007ff8bfd20000 - 0x00007ff8bfd4a000 	C:\Windows\System32\GDI32.dll
0x00007ff8be430000 - 0x00007ff8be53b000 	C:\Windows\System32\gdi32full.dll
0x00007ff8be300000 - 0x00007ff8be39d000 	C:\Windows\System32\msvcp_win.dll
0x00007ff8a2ef0000 - 0x00007ff8a2f09000 	C:\Program Files\Eclipse Adoptium\jdk-17.0.2.8-hotspot\bin\VCRUNTIME140.dll
0x00007ff89d430000 - 0x00007ff89d6ca000 	C:\Windows\WinSxS\amd64_microsoft.windows.common-controls_6595b64144ccf1df_6.0.19041.1110_none_60b5254171f9507e\COMCTL32.dll
0x00007ff8be5a0000 - 0x00007ff8be63e000 	C:\Windows\System32\msvcrt.dll
0x00007ff8bee00000 - 0x00007ff8bee30000 	C:\Windows\System32\IMM32.DLL
0x00007ff8a7640000 - 0x00007ff8a764c000 	C:\Program Files\Eclipse Adoptium\jdk-17.0.2.8-hotspot\bin\vcruntime140_1.dll
0x00007ff853860000 - 0x00007ff8538f1000 	C:\Program Files\Eclipse Adoptium\jdk-17.0.2.8-hotspot\bin\msvcp140.dll
0x00007ff84bd00000 - 0x00007ff84c947000 	C:\Program Files\Eclipse Adoptium\jdk-17.0.2.8-hotspot\bin\server\jvm.dll
0x00007ff8bed50000 - 0x00007ff8bedfe000 	C:\Windows\System32\ADVAPI32.dll
0x00007ff8bfaa0000 - 0x00007ff8bfb3c000 	C:\Windows\System32\sechost.dll
0x00007ff8beb50000 - 0x00007ff8bec75000 	C:\Windows\System32\RPCRT4.dll
0x00007ff8bef10000 - 0x00007ff8bef18000 	C:\Windows\System32\PSAPI.DLL
0x00007ff8acab0000 - 0x00007ff8acab9000 	C:\Windows\SYSTEM32\WSOCK32.dll
0x00007ff8bec80000 - 0x00007ff8beceb000 	C:\Windows\System32\WS2_32.dll
0x00007ff89c6a0000 - 0x00007ff89c6c7000 	C:\Windows\SYSTEM32\WINMM.dll
0x00007ff8b8260000 - 0x00007ff8b826a000 	C:\Windows\SYSTEM32\VERSION.dll
0x00007ff8bbb80000 - 0x00007ff8bbb92000 	C:\Windows\SYSTEM32\kernel.appcore.dll
0x00007ff8a7550000 - 0x00007ff8a755a000 	C:\Program Files\Eclipse Adoptium\jdk-17.0.2.8-hotspot\bin\jimage.dll
0x00007ff8b6a60000 - 0x00007ff8b6c44000 	C:\Windows\SYSTEM32\DBGHELP.DLL
0x00007ff8b6d90000 - 0x00007ff8b6dbc000 	C:\Windows\SYSTEM32\dbgcore.DLL
0x00007ff8be3a0000 - 0x00007ff8be422000 	C:\Windows\System32\bcryptPrimitives.dll
0x00007ff887150000 - 0x00007ff887175000 	C:\Program Files\Eclipse Adoptium\jdk-17.0.2.8-hotspot\bin\java.dll

dbghelp: loaded successfully - version: 4.0.5 - missing functions: none
symbol engine: initialized successfully - sym options: 0x614 - pdb path: .;C:\Program Files\Eclipse Adoptium\jdk-17.0.2.8-hotspot\bin;C:\Windows\SYSTEM32;C:\Program Files\Avast Software\Avast;C:\Windows\WinSxS\amd64_microsoft.windows.common-controls_6595b64144ccf1df_6.0.19041.1110_none_60b5254171f9507e;C:\Program Files\Eclipse Adoptium\jdk-17.0.2.8-hotspot\bin\server

VM Arguments:
jvm_args: -XX:+ShowCodeDetailsInExceptionMessages 
java_command: Array_estudiantes.Array_estudiantes
java_class_path (initial): C:\Users\Joimar\Documents\Arreglo_nota\target\classes
Launcher Type: SUN_STANDARD

[Global flags]
     intx CICompilerCount                          = 3                                         {product} {ergonomic}
     uint ConcGCThreads                            = 1                                         {product} {ergonomic}
     uint G1ConcRefinementThreads                  = 4                                         {product} {ergonomic}
   size_t G1HeapRegionSize                         = 1048576                                   {product} {ergonomic}
    uintx GCDrainStackTargetSize                   = 64                                        {product} {ergonomic}
   size_t InitialHeapSize                          = 132120576                                 {product} {ergonomic}
   size_t MarkStackSize                            = 4194304                                   {product} {ergonomic}
   size_t MaxHeapSize                              = 2113929216                                {product} {ergonomic}
   size_t MinHeapDeltaBytes                        = 1048576                                   {product} {ergonomic}
   size_t MinHeapSize                              = 8388608                                   {product} {ergonomic}
    uintx NonNMethodCodeHeapSize                   = 5832780                                {pd product} {ergonomic}
    uintx NonProfiledCodeHeapSize                  = 122912730                              {pd product} {ergonomic}
    uintx ProfiledCodeHeapSize                     = 122912730                              {pd product} {ergonomic}
    uintx ReservedCodeCacheSize                    = 251658240                              {pd product} {ergonomic}
     bool SegmentedCodeCache                       = true                                      {product} {ergonomic}
     bool ShowCodeDetailsInExceptionMessages       = true                                   {manageable} {command line}
   size_t SoftMaxHeapSize                          = 2113929216                             {manageable} {ergonomic}
     bool UseCompressedClassPointers               = true                           {product lp64_product} {ergonomic}
     bool UseCompressedOops                        = true                           {product lp64_product} {ergonomic}
     bool UseG1GC                                  = true                                      {product} {ergonomic}
     bool UseLargePagesIndividualAllocation        = false                                  {pd product} {ergonomic}

Logging:
Log output configuration:
 #0: stdout all=warning uptime,level,tags
 #1: stderr all=off uptime,level,tags

Environment Variables:
PATH=C:\Program Files\Common Files\Oracle\Java\javapath;C:\Program Files\Eclipse Adoptium\jdk-17.0.2.8-hotspot\bin;C:\Program Files (x86)\Common Files\Oracle\Java\javapath;C:\Windows\system32;C:\Windows;C:\Windows\System32\Wbem;C:\Windows\System32\WindowsPowerShell\v1.0\;C:\Windows\System32\OpenSSH\;C:\Program Files\Git\cmd;C:\Program Files\Microsoft VS Code\bin;C:\Program Files\nodejs\;C:\Program Files\Java\jdk-15.0.2\bin;C:\Program Files\dotnet\;C:\wamp64\bin\php\php8.1.0;C:\Program Files\MySQL\MySQL Shell 8.0\bin\;C:\Users\Joimar\AppData\Local\Microsoft\WindowsApps;C:\Users\Joimar\spicetify-cli;C:\Users\Joimar\AppData\Local\Programs\Microsoft VS Code\bin;C:\Users\Joimar\AppData\Roaming\npm;C:\Program Files\Java\jdk-15.0.2\bin;C:\wamp64\bin\php\php8.1.0;
USERNAME=Joimar
LANG=es_ES.UTF-8
OS=Windows_NT
PROCESSOR_IDENTIFIER=Intel64 Family 6 Model 158 Stepping 10, GenuineIntel



---------------  S Y S T E M  ---------------

OS:
 Windows 10 , 64 bit Build 19041 (10.0.19041.1706)
OS uptime: 2 days 18:41 hours

CPU: total 4 (initial active 4) (2 cores per cpu, 2 threads per core) family 6 model 158 stepping 10 microcode 0xb4, cx8, cmov, fxsr, ht, mmx, 3dnowpref, sse, sse2, sse3, ssse3, sse4.1, sse4.2, popcnt, lzcnt, tsc, tscinvbit, aes, erms, clmul, clflush, clflushopt

Memory: 4k page, system-wide physical 8057M (1699M free)
TotalPageFile size 16249M (AvailPageFile size 84M)
current process WorkingSet (physical memory assigned to process): 10M, peak: 10M
current process commit charge ("private bytes"): 51M, peak: 177M

vm_info: OpenJDK 64-Bit Server VM (17.0.2+8) for windows-amd64 JRE (17.0.2+8), built on Jan 20 2022 04:52:34 by "" with MS VC++ 16.7 (VS2019)

END.
