#
# There is insufficient memory for the Java Runtime Environment to continue.
# Native memory allocation (malloc) failed to allocate 32744 bytes for ChunkPool::allocate
# Possible reasons:
#   The system is out of physical RAM or swap space
#   The process is running with CompressedOops enabled, and the Java Heap may be blocking the growth of the native heap
# Possible solutions:
#   Reduce memory load on the system
#   Increase physical memory or swap space
#   Check if swap backing store is full
#   Decrease Java heap size (-Xmx/-Xms)
#   Decrease number of Java threads
#   Decrease Java thread stack sizes (-Xss)
#   Set larger code cache with -XX:ReservedCodeCacheSize=
#   JVM is running with Unscaled Compressed Oops mode in which the Java heap is
#     placed in the first 4GB address space. The Java Heap base address is the
#     maximum limit for the native heap growth. Please use -XX:HeapBaseMinAddress
#     to set the Java Heap base and to place the Java Heap above 4GB virtual address.
# This output file may be truncated or incomplete.
#
#  Out of Memory Error (./open/src/hotspot/share/memory/arena.cpp:79), pid=6056, tid=15576
#
# JRE version: Java(TM) SE Runtime Environment (15.0.2+7) (build 15.0.2+7-27)
# Java VM: Java HotSpot(TM) 64-Bit Server VM (15.0.2+7-27, mixed mode, tiered, compressed oops, g1 gc, windows-amd64)
# No core dump will be written. Minidumps are not enabled by default on client versions of Windows
#

---------------  S U M M A R Y ------------

Command Line: -Dsts.lsp.client=vscode -Dsts.log.file=/dev/null -XX:TieredStopAtLevel=1 -Dspring.config.location=file:c:\Microsoft VS Code\data\extensions\pivotal.vscode-spring-boot-1.33.0\language-server\BOOT-INF\classes\application.properties org.springframework.ide.vscode.boot.app.BootLanguageServerBootApp

Host: Intel(R) Pentium(R) Gold G5400 CPU @ 3.70GHz, 4 cores, 7G,  Windows 10 , 64 bit Build 19041 (10.0.19041.1706)
Time: Wed May 25 14:19:20 2022 Hora est. Pacífico, Sudamérica elapsed time: 0.493884 seconds (0d 0h 0m 0s)

---------------  T H R E A D  ---------------

Current thread (0x000001619f159140):  JavaThread "C1 CompilerThread0" daemon [_thread_in_native, id=15576, stack(0x00000006e6c00000,0x00000006e6d00000)]


Current CompileTask:
C1:    493  378       1       java.net.URLStreamHandler::parseURL (1201 bytes)

Stack: [0x00000006e6c00000,0x00000006e6d00000]
Native frames: (J=compiled Java code, j=interpreted, Vv=VM code, C=native code)
V  [jvm.dll+0x62ae9a]
V  [jvm.dll+0x7817a9]
V  [jvm.dll+0x782f03]
V  [jvm.dll+0x783563]
V  [jvm.dll+0x216325]
V  [jvm.dll+0x982cf]
V  [jvm.dll+0x9861c]
V  [jvm.dll+0x11d85b]
V  [jvm.dll+0x11372d]
V  [jvm.dll+0x11f43a]
V  [jvm.dll+0x122639]
V  [jvm.dll+0x122078]
V  [jvm.dll+0x119896]
V  [jvm.dll+0x11bdc5]
V  [jvm.dll+0x119fac]
V  [jvm.dll+0x122b00]
V  [jvm.dll+0x122078]
V  [jvm.dll+0x119896]
V  [jvm.dll+0x11bdc5]
V  [jvm.dll+0x11a0a4]
V  [jvm.dll+0x113ea8]
V  [jvm.dll+0x123d32]
V  [jvm.dll+0x10f510]
V  [jvm.dll+0x10f890]
V  [jvm.dll+0x10fb54]
V  [jvm.dll+0x10ee92]
V  [jvm.dll+0x110d2c]
V  [jvm.dll+0x1f9225]
V  [jvm.dll+0x1f72cc]
V  [jvm.dll+0x74495d]
V  [jvm.dll+0x73d75a]
V  [jvm.dll+0x629c56]
C  [ucrtbase.dll+0x21bb2]
C  [KERNEL32.DLL+0x17034]
C  [ntdll.dll+0x52651]


---------------  P R O C E S S  ---------------

Threads class SMR info:
_java_thread_list=0x000001619f2b3ab0, length=10, elements={
0x00000161fc52b790, 0x000001619f132130, 0x000001619f132c10, 0x000001619f151010,
0x000001619f152ce0, 0x000001619f1566c0, 0x000001619f159140, 0x000001619f165050,
0x000001619f2b1bb0, 0x000001619f2b63a0
}

Java Threads: ( => current thread )
  0x00000161fc52b790 JavaThread "main" [_thread_blocked, id=212, stack(0x00000006e6000000,0x00000006e6100000)]
  0x000001619f132130 JavaThread "Reference Handler" daemon [_thread_blocked, id=13812, stack(0x00000006e6700000,0x00000006e6800000)]
  0x000001619f132c10 JavaThread "Finalizer" daemon [_thread_blocked, id=3560, stack(0x00000006e6800000,0x00000006e6900000)]
  0x000001619f151010 JavaThread "Signal Dispatcher" daemon [_thread_blocked, id=5972, stack(0x00000006e6900000,0x00000006e6a00000)]
  0x000001619f152ce0 JavaThread "Attach Listener" daemon [_thread_blocked, id=3720, stack(0x00000006e6a00000,0x00000006e6b00000)]
  0x000001619f1566c0 JavaThread "Service Thread" daemon [_thread_blocked, id=13968, stack(0x00000006e6b00000,0x00000006e6c00000)]
=>0x000001619f159140 JavaThread "C1 CompilerThread0" daemon [_thread_in_native, id=15576, stack(0x00000006e6c00000,0x00000006e6d00000)]
  0x000001619f165050 JavaThread "Sweeper thread" daemon [_thread_blocked, id=14412, stack(0x00000006e6d00000,0x00000006e6e00000)]
  0x000001619f2b1bb0 JavaThread "Notification Thread" daemon [_thread_blocked, id=10548, stack(0x00000006e6e00000,0x00000006e6f00000)]
  0x000001619f2b63a0 JavaThread "Common-Cleaner" daemon [_thread_blocked, id=972, stack(0x00000006e7000000,0x00000006e7100000)]

Other Threads:
  0x000001619e8f5c30 VMThread "VM Thread" [stack: 0x00000006e6600000,0x00000006e6700000] [id=15988]
  0x000001619f2b2080 WatcherThread [stack: 0x00000006e6f00000,0x00000006e7000000] [id=10352]
  0x00000161fc56d140 GCTaskThread "GC Thread#0" [stack: 0x00000006e6100000,0x00000006e6200000] [id=11044]
  0x000001619f8ced10 GCTaskThread "GC Thread#1" [stack: 0x00000006e7100000,0x00000006e7200000] [id=9276]
  0x000001619f8cd9f0 GCTaskThread "GC Thread#2" [stack: 0x00000006e7200000,0x00000006e7300000] [id=15940]
  0x00000161fc57df60 ConcurrentGCThread "G1 Main Marker" [stack: 0x00000006e6200000,0x00000006e6300000] [id=15620]
  0x00000161fc57f2f0 ConcurrentGCThread "G1 Conc#0" [stack: 0x00000006e6300000,0x00000006e6400000] [id=16132]
  0x00000161fc5f9040 ConcurrentGCThread "G1 Refine#0" [stack: 0x00000006e6400000,0x00000006e6500000] [id=12700]
  0x00000161fc5f9c40 ConcurrentGCThread "G1 Young RemSet Sampling" [stack: 0x00000006e6500000,0x00000006e6600000] [id=852]

Threads with active compile tasks:
C1 CompilerThread0      552  378       1       java.net.URLStreamHandler::parseURL (1201 bytes)

VM state: at safepoint (normal execution)

VM Mutex/Monitor currently owned by a thread:  ([mutex/lock_event])
[0x00000161fa319d00] Threads_lock - owner thread: 0x000001619e8f5c30
[0x00000161fc52a180] Heap_lock - owner thread: 0x00000161fc52b790

Heap address: 0x0000000082000000, size: 2016 MB, Compressed Oops mode: 32-bit
CDS disabled.
Compressed class space mapped at: 0x0000000100000000-0x0000000140000000, size: 1073741824
Narrow klass base: 0x0000000000000000, Narrow klass shift: 3, Narrow klass range: 0x140000000

GC Precious Log:
 CPUs: 4 total, 4 available
 Memory: 8057M
 Large Page Support: Disabled
 NUMA Support: Disabled
 Compressed Oops: Enabled (32-bit)
 Heap Region Size: 1M
 Heap Min Capacity: 8M
 Heap Initial Capacity: 126M
 Heap Max Capacity: 2016M
 Pre-touch: Disabled
 Parallel Workers: 4
 Concurrent Workers: 1
 Concurrent Refinement Workers: 4
 Periodic GC: Disabled

Heap:
 garbage-first heap   total 129024K, used 9003K [0x0000000082000000, 0x0000000100000000)
  region size 1024K, 11 young (11264K), 2 survivors (2048K)
 Metaspace       used 6302K, capacity 6404K, committed 6528K, reserved 1056768K
  class space    used 592K, capacity 624K, committed 640K, reserved 1048576K

Heap Regions: E=young(eden), S=young(survivor), O=old, HS=humongous(starts), HC=humongous(continues), CS=collection set, F=free, OA=open archive, CA=closed archive, TAMS=top-at-mark-start (previous, next)
|   0|0x0000000082000000, 0x0000000082100000, 0x0000000082100000|100%| O|  |TAMS 0x0000000082000000, 0x0000000082000000| Untracked 
|   1|0x0000000082100000, 0x0000000082192f70, 0x0000000082200000| 57%| O|  |TAMS 0x0000000082100000, 0x0000000082100000| Untracked 
|   2|0x0000000082200000, 0x0000000082200000, 0x0000000082300000|  0%| F|  |TAMS 0x0000000082200000, 0x0000000082200000| Untracked 
|   3|0x0000000082300000, 0x0000000082300000, 0x0000000082400000|  0%| F|  |TAMS 0x0000000082300000, 0x0000000082300000| Untracked 
|   4|0x0000000082400000, 0x0000000082400000, 0x0000000082500000|  0%| F|  |TAMS 0x0000000082400000, 0x0000000082400000| Untracked 
|   5|0x0000000082500000, 0x0000000082500000, 0x0000000082600000|  0%| F|  |TAMS 0x0000000082500000, 0x0000000082500000| Untracked 
|   6|0x0000000082600000, 0x0000000082600000, 0x0000000082700000|  0%| F|  |TAMS 0x0000000082600000, 0x0000000082600000| Untracked 
|   7|0x0000000082700000, 0x0000000082700000, 0x0000000082800000|  0%| F|  |TAMS 0x0000000082700000, 0x0000000082700000| Untracked 
|   8|0x0000000082800000, 0x0000000082800000, 0x0000000082900000|  0%| F|  |TAMS 0x0000000082800000, 0x0000000082800000| Untracked 
|   9|0x0000000082900000, 0x0000000082900000, 0x0000000082a00000|  0%| F|  |TAMS 0x0000000082900000, 0x0000000082900000| Untracked 
|  10|0x0000000082a00000, 0x0000000082a00000, 0x0000000082b00000|  0%| F|  |TAMS 0x0000000082a00000, 0x0000000082a00000| Untracked 
|  11|0x0000000082b00000, 0x0000000082b00000, 0x0000000082c00000|  0%| F|  |TAMS 0x0000000082b00000, 0x0000000082b00000| Untracked 
|  12|0x0000000082c00000, 0x0000000082c00000, 0x0000000082d00000|  0%| F|  |TAMS 0x0000000082c00000, 0x0000000082c00000| Untracked 
|  13|0x0000000082d00000, 0x0000000082d00000, 0x0000000082e00000|  0%| F|  |TAMS 0x0000000082d00000, 0x0000000082d00000| Untracked 
|  14|0x0000000082e00000, 0x0000000082e00000, 0x0000000082f00000|  0%| F|  |TAMS 0x0000000082e00000, 0x0000000082e00000| Untracked 
|  15|0x0000000082f00000, 0x0000000082f00000, 0x0000000083000000|  0%| F|  |TAMS 0x0000000082f00000, 0x0000000082f00000| Untracked 
|  16|0x0000000083000000, 0x0000000083000000, 0x0000000083100000|  0%| F|  |TAMS 0x0000000083000000, 0x0000000083000000| Untracked 
|  17|0x0000000083100000, 0x0000000083100000, 0x0000000083200000|  0%| F|  |TAMS 0x0000000083100000, 0x0000000083100000| Untracked 
|  18|0x0000000083200000, 0x0000000083200000, 0x0000000083300000|  0%| F|  |TAMS 0x0000000083200000, 0x0000000083200000| Untracked 
|  19|0x0000000083300000, 0x0000000083300000, 0x0000000083400000|  0%| F|  |TAMS 0x0000000083300000, 0x0000000083300000| Untracked 
|  20|0x0000000083400000, 0x0000000083400000, 0x0000000083500000|  0%| F|  |TAMS 0x0000000083400000, 0x0000000083400000| Untracked 
|  21|0x0000000083500000, 0x0000000083500000, 0x0000000083600000|  0%| F|  |TAMS 0x0000000083500000, 0x0000000083500000| Untracked 
|  22|0x0000000083600000, 0x0000000083600000, 0x0000000083700000|  0%| F|  |TAMS 0x0000000083600000, 0x0000000083600000| Untracked 
|  23|0x0000000083700000, 0x0000000083700000, 0x0000000083800000|  0%| F|  |TAMS 0x0000000083700000, 0x0000000083700000| Untracked 
|  24|0x0000000083800000, 0x0000000083800000, 0x0000000083900000|  0%| F|  |TAMS 0x0000000083800000, 0x0000000083800000| Untracked 
|  25|0x0000000083900000, 0x0000000083900000, 0x0000000083a00000|  0%| F|  |TAMS 0x0000000083900000, 0x0000000083900000| Untracked 
|  26|0x0000000083a00000, 0x0000000083a00000, 0x0000000083b00000|  0%| F|  |TAMS 0x0000000083a00000, 0x0000000083a00000| Untracked 
|  27|0x0000000083b00000, 0x0000000083b00000, 0x0000000083c00000|  0%| F|  |TAMS 0x0000000083b00000, 0x0000000083b00000| Untracked 
|  28|0x0000000083c00000, 0x0000000083c00000, 0x0000000083d00000|  0%| F|  |TAMS 0x0000000083c00000, 0x0000000083c00000| Untracked 
|  29|0x0000000083d00000, 0x0000000083d00000, 0x0000000083e00000|  0%| F|  |TAMS 0x0000000083d00000, 0x0000000083d00000| Untracked 
|  30|0x0000000083e00000, 0x0000000083e00000, 0x0000000083f00000|  0%| F|  |TAMS 0x0000000083e00000, 0x0000000083e00000| Untracked 
|  31|0x0000000083f00000, 0x0000000083f00000, 0x0000000084000000|  0%| F|  |TAMS 0x0000000083f00000, 0x0000000083f00000| Untracked 
|  32|0x0000000084000000, 0x0000000084000000, 0x0000000084100000|  0%| F|  |TAMS 0x0000000084000000, 0x0000000084000000| Untracked 
|  33|0x0000000084100000, 0x0000000084100000, 0x0000000084200000|  0%| F|  |TAMS 0x0000000084100000, 0x0000000084100000| Untracked 
|  34|0x0000000084200000, 0x0000000084200000, 0x0000000084300000|  0%| F|  |TAMS 0x0000000084200000, 0x0000000084200000| Untracked 
|  35|0x0000000084300000, 0x0000000084300000, 0x0000000084400000|  0%| F|  |TAMS 0x0000000084300000, 0x0000000084300000| Untracked 
|  36|0x0000000084400000, 0x0000000084400000, 0x0000000084500000|  0%| F|  |TAMS 0x0000000084400000, 0x0000000084400000| Untracked 
|  37|0x0000000084500000, 0x0000000084500000, 0x0000000084600000|  0%| F|  |TAMS 0x0000000084500000, 0x0000000084500000| Untracked 
|  38|0x0000000084600000, 0x0000000084600000, 0x0000000084700000|  0%| F|  |TAMS 0x0000000084600000, 0x0000000084600000| Untracked 
|  39|0x0000000084700000, 0x0000000084700000, 0x0000000084800000|  0%| F|  |TAMS 0x0000000084700000, 0x0000000084700000| Untracked 
|  40|0x0000000084800000, 0x0000000084800000, 0x0000000084900000|  0%| F|  |TAMS 0x0000000084800000, 0x0000000084800000| Untracked 
|  41|0x0000000084900000, 0x0000000084900000, 0x0000000084a00000|  0%| F|  |TAMS 0x0000000084900000, 0x0000000084900000| Untracked 
|  42|0x0000000084a00000, 0x0000000084a00000, 0x0000000084b00000|  0%| F|  |TAMS 0x0000000084a00000, 0x0000000084a00000| Untracked 
|  43|0x0000000084b00000, 0x0000000084b00000, 0x0000000084c00000|  0%| F|  |TAMS 0x0000000084b00000, 0x0000000084b00000| Untracked 
|  44|0x0000000084c00000, 0x0000000084c00000, 0x0000000084d00000|  0%| F|  |TAMS 0x0000000084c00000, 0x0000000084c00000| Untracked 
|  45|0x0000000084d00000, 0x0000000084d00000, 0x0000000084e00000|  0%| F|  |TAMS 0x0000000084d00000, 0x0000000084d00000| Untracked 
|  46|0x0000000084e00000, 0x0000000084e00000, 0x0000000084f00000|  0%| F|  |TAMS 0x0000000084e00000, 0x0000000084e00000| Untracked 
|  47|0x0000000084f00000, 0x0000000084f00000, 0x0000000085000000|  0%| F|  |TAMS 0x0000000084f00000, 0x0000000084f00000| Untracked 
|  48|0x0000000085000000, 0x0000000085000000, 0x0000000085100000|  0%| F|  |TAMS 0x0000000085000000, 0x0000000085000000| Untracked 
|  49|0x0000000085100000, 0x0000000085100000, 0x0000000085200000|  0%| F|  |TAMS 0x0000000085100000, 0x0000000085100000| Untracked 
|  50|0x0000000085200000, 0x0000000085200000, 0x0000000085300000|  0%| F|  |TAMS 0x0000000085200000, 0x0000000085200000| Untracked 
|  51|0x0000000085300000, 0x0000000085300000, 0x0000000085400000|  0%| F|  |TAMS 0x0000000085300000, 0x0000000085300000| Untracked 
|  52|0x0000000085400000, 0x0000000085400000, 0x0000000085500000|  0%| F|  |TAMS 0x0000000085400000, 0x0000000085400000| Untracked 
|  53|0x0000000085500000, 0x0000000085500000, 0x0000000085600000|  0%| F|  |TAMS 0x0000000085500000, 0x0000000085500000| Untracked 
|  54|0x0000000085600000, 0x0000000085600000, 0x0000000085700000|  0%| F|  |TAMS 0x0000000085600000, 0x0000000085600000| Untracked 
|  55|0x0000000085700000, 0x0000000085700000, 0x0000000085800000|  0%| F|  |TAMS 0x0000000085700000, 0x0000000085700000| Untracked 
|  56|0x0000000085800000, 0x0000000085800000, 0x0000000085900000|  0%| F|  |TAMS 0x0000000085800000, 0x0000000085800000| Untracked 
|  57|0x0000000085900000, 0x0000000085900000, 0x0000000085a00000|  0%| F|  |TAMS 0x0000000085900000, 0x0000000085900000| Untracked 
|  58|0x0000000085a00000, 0x0000000085a00000, 0x0000000085b00000|  0%| F|  |TAMS 0x0000000085a00000, 0x0000000085a00000| Untracked 
|  59|0x0000000085b00000, 0x0000000085b00000, 0x0000000085c00000|  0%| F|  |TAMS 0x0000000085b00000, 0x0000000085b00000| Untracked 
|  60|0x0000000085c00000, 0x0000000085c00000, 0x0000000085d00000|  0%| F|  |TAMS 0x0000000085c00000, 0x0000000085c00000| Untracked 
|  61|0x0000000085d00000, 0x0000000085d00000, 0x0000000085e00000|  0%| F|  |TAMS 0x0000000085d00000, 0x0000000085d00000| Untracked 
|  62|0x0000000085e00000, 0x0000000085e00000, 0x0000000085f00000|  0%| F|  |TAMS 0x0000000085e00000, 0x0000000085e00000| Untracked 
|  63|0x0000000085f00000, 0x0000000085f00000, 0x0000000086000000|  0%| F|  |TAMS 0x0000000085f00000, 0x0000000085f00000| Untracked 
|  64|0x0000000086000000, 0x0000000086000000, 0x0000000086100000|  0%| F|  |TAMS 0x0000000086000000, 0x0000000086000000| Untracked 
|  65|0x0000000086100000, 0x0000000086100000, 0x0000000086200000|  0%| F|  |TAMS 0x0000000086100000, 0x0000000086100000| Untracked 
|  66|0x0000000086200000, 0x0000000086200000, 0x0000000086300000|  0%| F|  |TAMS 0x0000000086200000, 0x0000000086200000| Untracked 
|  67|0x0000000086300000, 0x0000000086300000, 0x0000000086400000|  0%| F|  |TAMS 0x0000000086300000, 0x0000000086300000| Untracked 
|  68|0x0000000086400000, 0x0000000086400000, 0x0000000086500000|  0%| F|  |TAMS 0x0000000086400000, 0x0000000086400000| Untracked 
|  69|0x0000000086500000, 0x0000000086500000, 0x0000000086600000|  0%| F|  |TAMS 0x0000000086500000, 0x0000000086500000| Untracked 
|  70|0x0000000086600000, 0x0000000086600000, 0x0000000086700000|  0%| F|  |TAMS 0x0000000086600000, 0x0000000086600000| Untracked 
|  71|0x0000000086700000, 0x0000000086700000, 0x0000000086800000|  0%| F|  |TAMS 0x0000000086700000, 0x0000000086700000| Untracked 
|  72|0x0000000086800000, 0x0000000086800000, 0x0000000086900000|  0%| F|  |TAMS 0x0000000086800000, 0x0000000086800000| Untracked 
|  73|0x0000000086900000, 0x0000000086900000, 0x0000000086a00000|  0%| F|  |TAMS 0x0000000086900000, 0x0000000086900000| Untracked 
|  74|0x0000000086a00000, 0x0000000086a00000, 0x0000000086b00000|  0%| F|  |TAMS 0x0000000086a00000, 0x0000000086a00000| Untracked 
|  75|0x0000000086b00000, 0x0000000086b00000, 0x0000000086c00000|  0%| F|  |TAMS 0x0000000086b00000, 0x0000000086b00000| Untracked 
|  76|0x0000000086c00000, 0x0000000086c00000, 0x0000000086d00000|  0%| F|  |TAMS 0x0000000086c00000, 0x0000000086c00000| Untracked 
|  77|0x0000000086d00000, 0x0000000086d00000, 0x0000000086e00000|  0%| F|  |TAMS 0x0000000086d00000, 0x0000000086d00000| Untracked 
|  78|0x0000000086e00000, 0x0000000086e00000, 0x0000000086f00000|  0%| F|  |TAMS 0x0000000086e00000, 0x0000000086e00000| Untracked 
|  79|0x0000000086f00000, 0x0000000086f00000, 0x0000000087000000|  0%| F|  |TAMS 0x0000000086f00000, 0x0000000086f00000| Untracked 
|  80|0x0000000087000000, 0x0000000087000000, 0x0000000087100000|  0%| F|  |TAMS 0x0000000087000000, 0x0000000087000000| Untracked 
|  81|0x0000000087100000, 0x0000000087100000, 0x0000000087200000|  0%| F|  |TAMS 0x0000000087100000, 0x0000000087100000| Untracked 
|  82|0x0000000087200000, 0x0000000087200000, 0x0000000087300000|  0%| F|  |TAMS 0x0000000087200000, 0x0000000087200000| Untracked 
|  83|0x0000000087300000, 0x0000000087300000, 0x0000000087400000|  0%| F|  |TAMS 0x0000000087300000, 0x0000000087300000| Untracked 
|  84|0x0000000087400000, 0x0000000087400000, 0x0000000087500000|  0%| F|  |TAMS 0x0000000087400000, 0x0000000087400000| Untracked 
|  85|0x0000000087500000, 0x0000000087500000, 0x0000000087600000|  0%| F|  |TAMS 0x0000000087500000, 0x0000000087500000| Untracked 
|  86|0x0000000087600000, 0x0000000087600000, 0x0000000087700000|  0%| F|  |TAMS 0x0000000087600000, 0x0000000087600000| Untracked 
|  87|0x0000000087700000, 0x0000000087700000, 0x0000000087800000|  0%| F|  |TAMS 0x0000000087700000, 0x0000000087700000| Untracked 
|  88|0x0000000087800000, 0x0000000087800000, 0x0000000087900000|  0%| F|  |TAMS 0x0000000087800000, 0x0000000087800000| Untracked 
|  89|0x0000000087900000, 0x0000000087900000, 0x0000000087a00000|  0%| F|  |TAMS 0x0000000087900000, 0x0000000087900000| Untracked 
|  90|0x0000000087a00000, 0x0000000087a00000, 0x0000000087b00000|  0%| F|  |TAMS 0x0000000087a00000, 0x0000000087a00000| Untracked 
|  91|0x0000000087b00000, 0x0000000087b00000, 0x0000000087c00000|  0%| F|  |TAMS 0x0000000087b00000, 0x0000000087b00000| Untracked 
|  92|0x0000000087c00000, 0x0000000087c00000, 0x0000000087d00000|  0%| F|  |TAMS 0x0000000087c00000, 0x0000000087c00000| Untracked 
|  93|0x0000000087d00000, 0x0000000087d00000, 0x0000000087e00000|  0%| F|  |TAMS 0x0000000087d00000, 0x0000000087d00000| Untracked 
|  94|0x0000000087e00000, 0x0000000087e00000, 0x0000000087f00000|  0%| F|  |TAMS 0x0000000087e00000, 0x0000000087e00000| Untracked 
|  95|0x0000000087f00000, 0x0000000087f00000, 0x0000000088000000|  0%| F|  |TAMS 0x0000000087f00000, 0x0000000087f00000| Untracked 
|  96|0x0000000088000000, 0x0000000088000000, 0x0000000088100000|  0%| F|  |TAMS 0x0000000088000000, 0x0000000088000000| Untracked 
|  97|0x0000000088100000, 0x0000000088100000, 0x0000000088200000|  0%| F|  |TAMS 0x0000000088100000, 0x0000000088100000| Untracked 
|  98|0x0000000088200000, 0x0000000088200000, 0x0000000088300000|  0%| F|  |TAMS 0x0000000088200000, 0x0000000088200000| Untracked 
|  99|0x0000000088300000, 0x0000000088300000, 0x0000000088400000|  0%| F|  |TAMS 0x0000000088300000, 0x0000000088300000| Untracked 
| 100|0x0000000088400000, 0x0000000088400000, 0x0000000088500000|  0%| F|  |TAMS 0x0000000088400000, 0x0000000088400000| Untracked 
| 101|0x0000000088500000, 0x0000000088500000, 0x0000000088600000|  0%| F|  |TAMS 0x0000000088500000, 0x0000000088500000| Untracked 
| 102|0x0000000088600000, 0x0000000088600000, 0x0000000088700000|  0%| F|  |TAMS 0x0000000088600000, 0x0000000088600000| Untracked 
| 103|0x0000000088700000, 0x0000000088700000, 0x0000000088800000|  0%| F|  |TAMS 0x0000000088700000, 0x0000000088700000| Untracked 
| 104|0x0000000088800000, 0x0000000088800000, 0x0000000088900000|  0%| F|  |TAMS 0x0000000088800000, 0x0000000088800000| Untracked 
| 105|0x0000000088900000, 0x0000000088900000, 0x0000000088a00000|  0%| F|  |TAMS 0x0000000088900000, 0x0000000088900000| Untracked 
| 106|0x0000000088a00000, 0x0000000088a00000, 0x0000000088b00000|  0%| F|  |TAMS 0x0000000088a00000, 0x0000000088a00000| Untracked 
| 107|0x0000000088b00000, 0x0000000088b00000, 0x0000000088c00000|  0%| F|  |TAMS 0x0000000088b00000, 0x0000000088b00000| Untracked 
| 108|0x0000000088c00000, 0x0000000088c00000, 0x0000000088d00000|  0%| F|  |TAMS 0x0000000088c00000, 0x0000000088c00000| Untracked 
| 109|0x0000000088d00000, 0x0000000088d00000, 0x0000000088e00000|  0%| F|  |TAMS 0x0000000088d00000, 0x0000000088d00000| Untracked 
| 110|0x0000000088e00000, 0x0000000088e00000, 0x0000000088f00000|  0%| F|  |TAMS 0x0000000088e00000, 0x0000000088e00000| Untracked 
| 111|0x0000000088f00000, 0x0000000088f00000, 0x0000000089000000|  0%| F|  |TAMS 0x0000000088f00000, 0x0000000088f00000| Untracked 
| 112|0x0000000089000000, 0x0000000089000000, 0x0000000089100000|  0%| F|  |TAMS 0x0000000089000000, 0x0000000089000000| Untracked 
| 113|0x0000000089100000, 0x0000000089100000, 0x0000000089200000|  0%| F|  |TAMS 0x0000000089100000, 0x0000000089100000| Untracked 
| 114|0x0000000089200000, 0x0000000089200000, 0x0000000089300000|  0%| F|  |TAMS 0x0000000089200000, 0x0000000089200000| Untracked 
| 115|0x0000000089300000, 0x0000000089400000, 0x0000000089400000|100%| S|  |TAMS 0x0000000089300000, 0x0000000089300000| Complete 
| 116|0x0000000089400000, 0x0000000089500000, 0x0000000089500000|100%| S|  |TAMS 0x0000000089400000, 0x0000000089400000| Complete 
| 117|0x0000000089500000, 0x00000000895cad38, 0x0000000089600000| 79%| E|CS|TAMS 0x0000000089500000, 0x00000000895cad38| Complete 
| 118|0x0000000089600000, 0x0000000089700000, 0x0000000089700000|100%| E|CS|TAMS 0x0000000089600000, 0x0000000089700000| Complete 
| 119|0x0000000089700000, 0x0000000089800000, 0x0000000089800000|100%| E|CS|TAMS 0x0000000089700000, 0x0000000089800000| Complete 
| 120|0x0000000089800000, 0x0000000089900000, 0x0000000089900000|100%| E|CS|TAMS 0x0000000089800000, 0x0000000089900000| Complete 
| 121|0x0000000089900000, 0x0000000089a00000, 0x0000000089a00000|100%| E|CS|TAMS 0x0000000089900000, 0x0000000089a00000| Complete 
| 122|0x0000000089a00000, 0x0000000089b00000, 0x0000000089b00000|100%| E|CS|TAMS 0x0000000089a00000, 0x0000000089b00000| Complete 
| 123|0x0000000089b00000, 0x0000000089c00000, 0x0000000089c00000|100%| E|CS|TAMS 0x0000000089b00000, 0x0000000089c00000| Complete 
| 124|0x0000000089c00000, 0x0000000089d00000, 0x0000000089d00000|100%| E|CS|TAMS 0x0000000089c00000, 0x0000000089d00000| Complete 
| 125|0x0000000089d00000, 0x0000000089e00000, 0x0000000089e00000|100%| E|CS|TAMS 0x0000000089d00000, 0x0000000089e00000| Complete 

Card table byte_map: [0x0000016197ba0000,0x0000016197f90000] _byte_map_base: 0x0000016197790000

Marking Bits (Prev, Next): (CMBitMap*) 0x00000161fc56d930, (CMBitMap*) 0x00000161fc56d970
 Prev Bits: [0x0000016198380000, 0x000001619a300000)
 Next Bits: [0x000001619a300000, 0x000001619c280000)

Polling page: 0x0000016180000000

Metaspace:

Usage:
  Non-class:      5.64 MB capacity,     5.58 MB ( 99%) used,    68.17 KB (  1%) free+waste,     2.00 KB ( <1%) overhead. 
      Class:    624.00 KB capacity,   592.26 KB ( 95%) used,    30.74 KB (  5%) free+waste,     1.00 KB ( <1%) overhead. 
       Both:      6.25 MB capacity,     6.15 MB ( 98%) used,    98.91 KB (  2%) free+waste,     3.00 KB ( <1%) overhead. 

Virtual space:
  Non-class space:        8.00 MB reserved,       5.75 MB ( 72%) committed 
      Class space:        1.00 GB reserved,     640.00 KB ( <1%) committed 
             Both:        1.01 GB reserved,       6.38 MB ( <1%) committed 

Chunk freelists:
   Non-Class:  44.00 KB
       Class:  16.00 KB
        Both:  60.00 KB

MaxMetaspaceSize: 17179869184.00 GB
CompressedClassSpaceSize: 1.00 GB

CodeHeap 'non-profiled nmethods': size=238912Kb used=500Kb max_used=500Kb free=238411Kb
 bounds [0x0000016188830000, 0x0000016188aa0000, 0x0000016197180000]
CodeHeap 'non-nmethods': size=6848Kb used=1066Kb max_used=1066Kb free=5781Kb
 bounds [0x0000016188180000, 0x00000161883f0000, 0x0000016188830000]
 total_blobs=673 nmethods=376 adapters=226
 compilation: enabled
              stopped_count=0, restarted_count=0
 full_count=0

Compilation events (20 events):
Event: 0.486 Thread 0x000001619f159140 nmethod 365 0x00000161888a8910 code [0x00000161888a8b20, 0x00000161888a8f98]
Event: 0.486 Thread 0x000001619f159140  366       1       java.lang.StringConcatHelper::newString (67 bytes)
Event: 0.487 Thread 0x000001619f159140 nmethod 366 0x00000161888a9310 code [0x00000161888a9520, 0x00000161888a9a68]
Event: 0.487 Thread 0x000001619f159140  367       1       java.lang.NamedPackage::module (5 bytes)
Event: 0.487 Thread 0x000001619f159140 nmethod 367 0x00000161888a9c90 code [0x00000161888a9e20, 0x00000161888a9ed8]
Event: 0.487 Thread 0x000001619f159140  368       1       jdk.internal.access.SharedSecrets::javaUtilJarAccess (15 bytes)
Event: 0.487 Thread 0x000001619f159140 nmethod 368 0x00000161888aa390 code [0x00000161888aa540, 0x00000161888aa708]
Event: 0.487 Thread 0x000001619f159140  369       1       java.io.FileSystem::hasBooleanAttributes (17 bytes)
Event: 0.487 Thread 0x000001619f159140 nmethod 369 0x00000161888aa890 code [0x00000161888aaa20, 0x00000161888aab28]
Event: 0.488 Thread 0x000001619f159140  371   !   1       jdk.internal.loader.BuiltinClassLoader::loadClassOrNull (143 bytes)
Event: 0.489 Thread 0x000001619f159140 nmethod 371 0x00000161888ab090 code [0x00000161888ab300, 0x00000161888aba98]
Event: 0.489 Thread 0x000001619f159140  372       1       java.lang.ClassLoader::getClassLoadingLock (35 bytes)
Event: 0.489 Thread 0x000001619f159140 nmethod 372 0x00000161888ac210 code [0x00000161888ac3a0, 0x00000161888ac508]
Event: 0.489 Thread 0x000001619f159140  373       1       java.lang.ClassLoader::findLoadedClass (16 bytes)
Event: 0.489 Thread 0x000001619f159140 nmethod 373 0x00000161888ac610 code [0x00000161888ac7c0, 0x00000161888ac8f8]
Event: 0.489 Thread 0x000001619f159140  375       1       jdk.internal.loader.BuiltinClassLoader::findLoadedModule (33 bytes)
Event: 0.489 Thread 0x000001619f159140 nmethod 375 0x00000161888ac990 code [0x00000161888acb60, 0x00000161888acd58]
Event: 0.489 Thread 0x000001619f159140  376       1       jdk.internal.loader.BuiltinClassLoader::loadClassOrNull (7 bytes)
Event: 0.489 Thread 0x000001619f159140 nmethod 376 0x00000161888acf10 code [0x00000161888ad0a0, 0x00000161888ad188]
Event: 0.489 Thread 0x000001619f159140  378       1       java.net.URLStreamHandler::parseURL (1201 bytes)

GC Heap History (0 events):
No events

Deoptimization events (0 events):
No events

Classes unloaded (0 events):
No events

Classes redefined (0 events):
No events

Internal exceptions (2 events):
Event: 0.460 Thread 0x00000161fc52b790 Exception <a 'java/lang/ClassNotFoundException'{0x00000000896a37e8}: javax/smartcardio/CardPermission> (0x00000000896a37e8) 
thrown [./open/src/hotspot/share/classfile/systemDictionary.cpp, line 295]
Event: 0.463 Thread 0x00000161fc52b790 Exception <a 'java/io/FileNotFoundException'{0x00000000896b1c28}> (0x00000000896b1c28) 
thrown [./open/src/hotspot/share/prims/jni.cpp, line 578]

Events (20 events):
Event: 0.466 loading class sun/net/www/protocol/file/FileURLConnection done
Event: 0.466 loading class sun/net/www/MessageHeader
Event: 0.467 loading class sun/net/www/MessageHeader done
Event: 0.467 loading class java/io/FilePermissionCollection
Event: 0.467 loading class java/io/FilePermissionCollection done
Event: 0.467 loading class java/io/FilePermissionCollection$1
Event: 0.467 loading class java/io/FilePermissionCollection$1 done
Event: 0.467 loading class java/security/PermissionsEnumerator
Event: 0.468 loading class java/security/PermissionsEnumerator done
Event: 0.468 loading class java/security/AccessControlException
Event: 0.468 loading class java/security/AccessControlException done
Event: 0.491 loading class sun/net/www/protocol/jar/JarURLConnection
Event: 0.491 loading class java/net/JarURLConnection
Event: 0.491 loading class java/net/JarURLConnection done
Event: 0.491 loading class sun/net/www/protocol/jar/JarURLConnection done
Event: 0.491 loading class sun/net/www/protocol/jar/JarFileFactory
Event: 0.492 loading class sun/net/www/protocol/jar/URLJarFile$URLJarFileCloseController
Event: 0.492 loading class sun/net/www/protocol/jar/URLJarFile$URLJarFileCloseController done
Event: 0.492 loading class sun/net/www/protocol/jar/JarFileFactory done
Event: 0.492 loading class sun/net/www/protocol/jar/URLJarFile


Dynamic libraries:
0x00007ff64e340000 - 0x00007ff64e34f000 	C:\Program Files\Java\jdk-15.0.2\bin\java.exe
0x00007ff8c0550000 - 0x00007ff8c0745000 	C:\Windows\SYSTEM32\ntdll.dll
0x00007ff88aa20000 - 0x00007ff88aa36000 	C:\Program Files\Avast Software\Avast\aswhook.dll
0x00007ff8bee30000 - 0x00007ff8beeed000 	C:\Windows\System32\KERNEL32.DLL
0x00007ff8bdfc0000 - 0x00007ff8be28d000 	C:\Windows\System32\KERNELBASE.dll
0x00007ff8bdc60000 - 0x00007ff8bdd60000 	C:\Windows\System32\ucrtbase.dll
0x00007ff8b9860000 - 0x00007ff8b9878000 	C:\Program Files\Java\jdk-15.0.2\bin\jli.dll
0x00007ff8b9880000 - 0x00007ff8b9899000 	C:\Program Files\Java\jdk-15.0.2\bin\VCRUNTIME140.dll
0x00007ff8bed50000 - 0x00007ff8bedfe000 	C:\Windows\System32\ADVAPI32.dll
0x00007ff8be5a0000 - 0x00007ff8be63e000 	C:\Windows\System32\msvcrt.dll
0x00007ff8bfaa0000 - 0x00007ff8bfb3c000 	C:\Windows\System32\sechost.dll
0x00007ff8beb50000 - 0x00007ff8bec75000 	C:\Windows\System32\RPCRT4.dll
0x00007ff8bffb0000 - 0x00007ff8c0150000 	C:\Windows\System32\USER32.dll
0x00007ff8be570000 - 0x00007ff8be592000 	C:\Windows\System32\win32u.dll
0x00007ff89d430000 - 0x00007ff89d6ca000 	C:\Windows\WinSxS\amd64_microsoft.windows.common-controls_6595b64144ccf1df_6.0.19041.1110_none_60b5254171f9507e\COMCTL32.dll
0x00007ff8bfd20000 - 0x00007ff8bfd4a000 	C:\Windows\System32\GDI32.dll
0x00007ff8be430000 - 0x00007ff8be53b000 	C:\Windows\System32\gdi32full.dll
0x00007ff8be300000 - 0x00007ff8be39d000 	C:\Windows\System32\msvcp_win.dll
0x00007ff8b8260000 - 0x00007ff8b826a000 	C:\Windows\SYSTEM32\VERSION.dll
0x00007ff8bee00000 - 0x00007ff8bee30000 	C:\Windows\System32\IMM32.DLL
0x00007ff8a81f0000 - 0x00007ff8a81fc000 	C:\Program Files\Java\jdk-15.0.2\bin\vcruntime140_1.dll
0x00007ff88c950000 - 0x00007ff88c9e1000 	C:\Program Files\Java\jdk-15.0.2\bin\msvcp140.dll
0x00007ff87a610000 - 0x00007ff87b16e000 	C:\Program Files\Java\jdk-15.0.2\bin\server\jvm.dll
0x00007ff8bef10000 - 0x00007ff8bef18000 	C:\Windows\System32\PSAPI.DLL
0x00007ff89c6a0000 - 0x00007ff89c6c7000 	C:\Windows\SYSTEM32\WINMM.dll
0x00007ff8acab0000 - 0x00007ff8acab9000 	C:\Windows\SYSTEM32\WSOCK32.dll
0x00007ff8bec80000 - 0x00007ff8beceb000 	C:\Windows\System32\WS2_32.dll
0x00007ff8bbb80000 - 0x00007ff8bbb92000 	C:\Windows\SYSTEM32\kernel.appcore.dll
0x00007ff8a80d0000 - 0x00007ff8a80da000 	C:\Program Files\Java\jdk-15.0.2\bin\jimage.dll
0x00007ff8b6a60000 - 0x00007ff8b6c44000 	C:\Windows\SYSTEM32\DBGHELP.DLL
0x00007ff8b6d90000 - 0x00007ff8b6dbc000 	C:\Windows\SYSTEM32\dbgcore.DLL
0x00007ff8be3a0000 - 0x00007ff8be422000 	C:\Windows\System32\bcryptPrimitives.dll
0x00007ff8a58a0000 - 0x00007ff8a58c5000 	C:\Program Files\Java\jdk-15.0.2\bin\java.dll
0x00007ff8bf1a0000 - 0x00007ff8bf8e4000 	C:\Windows\System32\SHELL32.dll
0x00007ff8bbd80000 - 0x00007ff8bc514000 	C:\Windows\SYSTEM32\windows.storage.dll
0x00007ff8c01b0000 - 0x00007ff8c0504000 	C:\Windows\System32\combase.dll
0x00007ff8bd5f0000 - 0x00007ff8bd61c000 	C:\Windows\SYSTEM32\Wldp.dll
0x00007ff8bfc10000 - 0x00007ff8bfcbd000 	C:\Windows\System32\SHCORE.dll
0x00007ff8c0150000 - 0x00007ff8c01a5000 	C:\Windows\System32\shlwapi.dll
0x00007ff8bdba0000 - 0x00007ff8bdbbf000 	C:\Windows\SYSTEM32\profapi.dll
0x00007ff8a7d50000 - 0x00007ff8a7d69000 	C:\Program Files\Java\jdk-15.0.2\bin\net.dll
0x00007ff8ae5c0000 - 0x00007ff8ae6ca000 	C:\Windows\SYSTEM32\WINHTTP.dll
0x00007ff8bd350000 - 0x00007ff8bd3ba000 	C:\Windows\system32\mswsock.dll
0x00007ff8a75d0000 - 0x00007ff8a75e2000 	C:\Program Files\Java\jdk-15.0.2\bin\nio.dll
0x00007ff8a5f90000 - 0x00007ff8a5fa8000 	C:\Program Files\Java\jdk-15.0.2\bin\zip.dll
0x00007ff8a80c0000 - 0x00007ff8a80d0000 	C:\Program Files\Java\jdk-15.0.2\bin\verify.dll

dbghelp: loaded successfully - version: 4.0.5 - missing functions: none
symbol engine: initialized successfully - sym options: 0x614 - pdb path: .;C:\Program Files\Java\jdk-15.0.2\bin;C:\Windows\SYSTEM32;C:\Program Files\Avast Software\Avast;C:\Windows\WinSxS\amd64_microsoft.windows.common-controls_6595b64144ccf1df_6.0.19041.1110_none_60b5254171f9507e;C:\Program Files\Java\jdk-15.0.2\bin\server

VM Arguments:
jvm_args: -Dsts.lsp.client=vscode -Dsts.log.file=/dev/null -XX:TieredStopAtLevel=1 -Dspring.config.location=file:c:\Microsoft VS Code\data\extensions\pivotal.vscode-spring-boot-1.33.0\language-server\BOOT-INF\classes\application.properties 
java_command: org.springframework.ide.vscode.boot.app.BootLanguageServerBootApp
java_class_path (initial): c:\Microsoft VS Code\data\extensions\pivotal.vscode-spring-boot-1.33.0\language-server\BOOT-INF\classes;c:\Microsoft VS Code\data\extensions\pivotal.vscode-spring-boot-1.33.0\language-server\BOOT-INF\lib\antlr4-runtime-4.5.3.jar;c:\Microsoft VS Code\data\extensions\pivotal.vscode-spring-boot-1.33.0\language-server\BOOT-INF\lib\byte-buddy-1.10.18.jar;c:\Microsoft VS Code\data\extensions\pivotal.vscode-spring-boot-1.33.0\language-server\BOOT-INF\lib\commons-codec-1.14.jar;c:\Microsoft VS Code\data\extensions\pivotal.vscode-spring-boot-1.33.0\language-server\BOOT-INF\lib\commons-io-2.4.jar;c:\Microsoft VS Code\data\extensions\pivotal.vscode-spring-boot-1.33.0\language-server\BOOT-INF\lib\commons-java-1.33.0-SNAPSHOT.jar;c:\Microsoft VS Code\data\extensions\pivotal.vscode-spring-boot-1.33.0\language-server\BOOT-INF\lib\commons-lang3-3.10.jar;c:\Microsoft VS Code\data\extensions\pivotal.vscode-spring-boot-1.33.0\language-server\BOOT-INF\lib\commons-language-server-1.33.0-SNAPSHOT.jar;c:\Microsoft VS Code\data\extensions\pivotal.vscode-spring-boot-1.33.0\language-server\BOOT-INF\lib\commons-lsp-extensions-1.33.0-SNAPSHOT.jar;c:\Microsoft VS Code\data\extensions\pivotal.vscode-spring-boot-1.33.0\language-server\BOOT-INF\lib\commons-util-1.33.0-SNAPSHOT.jar;c:\Microsoft VS Code\data\extensions\pivotal.vscode-spring-boot-1.33.0\language-server\BOOT-INF\lib\commons-yaml-1.33.0-SNAPSHOT.jar;c:\Microsoft VS Code\data\extensions\pivotal.vscode-spring-boot-1.33.0\language-server\BOOT-INF\lib\gson-2.8.6.jar;c:\Microsoft VS Code\data\extensions\pivotal.vscode-spring-boot-1.33.0\language-server\BOOT-INF\lib\guava-19.0.jar;c:\Microsoft VS Code\data\extensions\pivotal.vscode-spring-boot-1.33.0\language-server\BOOT-INF\lib\jakarta.annotation-api-1.3.5.jar;c:\Microsoft VS Code\data\extensions\pivotal.vscode-spring-boot-1.33.0\language-server\BOOT-INF\lib\jandex-2.0.5.Final.jar;c:\Microsoft VS Code\data\extensions\pivotal.vscode-spring-boot-1.33.0\language-se
Launcher Type: SUN_STANDARD

[Global flags]
     intx CICompilerCount                          = 3                                         {product} {ergonomic}
     uint ConcGCThreads                            = 1                                         {product} {ergonomic}
     uint G1ConcRefinementThreads                  = 4                                         {product} {ergonomic}
   size_t G1HeapRegionSize                         = 1048576                                   {product} {ergonomic}
    uintx GCDrainStackTargetSize                   = 64                                        {product} {ergonomic}
   size_t InitialHeapSize                          = 132120576                                 {product} {ergonomic}
   size_t MarkStackSize                            = 4194304                                   {product} {ergonomic}
   size_t MaxHeapSize                              = 2113929216                                {product} {ergonomic}
   size_t MaxNewSize                               = 1267728384                                {product} {ergonomic}
   size_t MinHeapDeltaBytes                        = 1048576                                   {product} {ergonomic}
   size_t MinHeapSize                              = 8388608                                   {product} {ergonomic}
    uintx NonNMethodCodeHeapSize                   = 6973028                                {pd product} {ergonomic}
    uintx NonProfiledCodeHeapSize                  = 244685212                              {pd product} {ergonomic}
    uintx ProfiledCodeHeapSize                     = 0                                      {pd product} {ergonomic}
    uintx ReservedCodeCacheSize                    = 251658240                              {pd product} {ergonomic}
     bool SegmentedCodeCache                       = true                                      {product} {ergonomic}
   size_t SoftMaxHeapSize                          = 2113929216                             {manageable} {ergonomic}
     intx TieredStopAtLevel                        = 1                                         {product} {command line}
     bool UseCompressedClassPointers               = true                                 {lp64_product} {ergonomic}
     bool UseCompressedOops                        = true                                 {lp64_product} {ergonomic}
     bool UseG1GC                                  = true                                      {product} {ergonomic}
     bool UseLargePagesIndividualAllocation        = false                                  {pd product} {ergonomic}

Logging:
Log output configuration:
 #0: stdout all=warning uptime,level,tags
 #1: stderr all=off uptime,level,tags

Environment Variables:
PATH=C:\Program Files\Common Files\Oracle\Java\javapath;C:\Program Files\Eclipse Adoptium\jdk-17.0.2.8-hotspot\bin;C:\Program Files (x86)\Common Files\Oracle\Java\javapath;C:\Windows\system32;C:\Windows;C:\Windows\System32\Wbem;C:\Windows\System32\WindowsPowerShell\v1.0\;C:\Windows\System32\OpenSSH\;C:\Program Files\Git\cmd;C:\Program Files\Microsoft VS Code\bin;C:\Program Files\nodejs\;C:\Program Files\Java\jdk-15.0.2\bin;C:\Program Files\dotnet\;C:\wamp64\bin\php\php8.1.0;C:\Program Files\MySQL\MySQL Shell 8.0\bin\;C:\Users\Joimar\AppData\Local\Microsoft\WindowsApps;C:\Users\Joimar\spicetify-cli;C:\Users\Joimar\AppData\Local\Programs\Microsoft VS Code\bin;C:\Users\Joimar\AppData\Roaming\npm;C:\Program Files\Java\jdk-15.0.2\bin;C:\wamp64\bin\php\php8.1.0;
USERNAME=Joimar
OS=Windows_NT
PROCESSOR_IDENTIFIER=Intel64 Family 6 Model 158 Stepping 10, GenuineIntel



---------------  S Y S T E M  ---------------

OS:
 Windows 10 , 64 bit Build 19041 (10.0.19041.1706)
OS uptime: 2 days 19:54 hours

CPU: total 4 (initial active 4) (2 cores per cpu, 2 threads per core) family 6 model 158 stepping 10 microcode 0xb4, cmov, cx8, fxsr, mmx, sse, sse2, sse3, ssse3, sse4.1, sse4.2, popcnt, aes, clmul, erms, 3dnowpref, lzcnt, ht, tsc, tscinvbit, clflush, clflushopt

Memory: 4k page, system-wide physical 8057M (2141M free)
TotalPageFile size 16249M (AvailPageFile size 0M)
current process WorkingSet (physical memory assigned to process): 43M, peak: 43M
current process commit charge ("private bytes"): 197M, peak: 197M

vm_info: Java HotSpot(TM) 64-Bit Server VM (15.0.2+7-27) for windows-amd64 JRE (15.0.2+7-27), built on Dec  7 2020 20:07:01 by "mach5one" with unknown MS VC++:1925

END.
